# JRE version: OpenJDK Runtime Environment Temurin-17.0.2+8 (17.0.2+8) (build 17.0.2+8)
# Java VM: OpenJDK 64-Bit Server VM Temurin-17.0.2+8 (17.0.2+8, mixed mode, tiered, compressed oops, compressed class ptrs, g1 gc, windows-amd64)
GC Precious Log:
 CPUs: 4 total, 4 available
 Memory: 16302M
 Large Page Support: Disabled
 NUMA Support: Disabled
 Compressed Oops: Enabled (Zero based)
 Heap Region Size: 2M
 Heap Min Capacity: 8M
 Heap Initial Capacity: 256M
 Heap Max Capacity: 4076M
 Pre-touch: Disabled
 Parallel Workers: 4
 Concurrent Workers: 1
 Concurrent Refinement Workers: 4
 Periodic GC: Disabled
Heap:
 garbage-first heap   total 75776K, used 45095K [0x0000000701400000, 0x0000000800000000)
  region size 2048K, 5 young (10240K), 1 survivors (2048K)
 Metaspace       used 38553K, committed 38784K, reserved 1089536K
  class space    used 4533K, committed 4672K, reserved 1048576K
GC Heap History (20 events):
Event: 5.386 GC heap before
{Heap before GC invocations=1 (full 0):
 garbage-first heap   total 262144K, used 17864K [0x0000000701400000, 0x0000000800000000)
  region size 2048K, 6 young (12288K), 1 survivors (2048K)
 Metaspace       used 10515K, committed 10688K, reserved 1064960K
  class space    used 939K, committed 1024K, reserved 1048576K
}
Event: 5.389 GC heap after
{Heap after GC invocations=2 (full 0):
 garbage-first heap   total 262144K, used 10491K [0x0000000701400000, 0x0000000800000000)
  region size 2048K, 1 young (2048K), 1 survivors (2048K)
 Metaspace       used 10515K, committed 10688K, reserved 1064960K
  class space    used 939K, committed 1024K, reserved 1048576K
}
Event: 5.873 GC heap before
{Heap before GC invocations=2 (full 0):
 garbage-first heap   total 262144K, used 24827K [0x0000000701400000, 0x0000000800000000)
  region size 2048K, 8 young (16384K), 1 survivors (2048K)
 Metaspace       used 14237K, committed 14336K, reserved 1064960K
  class space    used 1408K, committed 1472K, reserved 1048576K
}
Event: 5.876 GC heap after
{Heap after GC invocations=3 (full 0):
 garbage-first heap   total 262144K, used 12063K [0x0000000701400000, 0x0000000800000000)
  region size 2048K, 1 young (2048K), 1 survivors (2048K)
 Metaspace       used 14237K, committed 14336K, reserved 1064960K
  class space    used 1408K, committed 1472K, reserved 1048576K
}
Event: 6.877 GC heap before
{Heap before GC invocations=3 (full 0):
 garbage-first heap   total 262144K, used 42783K [0x0000000701400000, 0x0000000800000000)
  region size 2048K, 17 young (34816K), 1 survivors (2048K)
 Metaspace       used 21295K, committed 21504K, reserved 1073152K
  class space    used 2293K, committed 2432K, reserved 1048576K
}
Event: 6.883 GC heap after
{Heap after GC invocations=4 (full 0):
 garbage-first heap   total 262144K, used 15689K [0x0000000701400000, 0x0000000800000000)
  region size 2048K, 3 young (6144K), 3 survivors (6144K)
 Metaspace       used 21295K, committed 21504K, reserved 1073152K
  class space    used 2293K, committed 2432K, reserved 1048576K
}
Event: 8.637 GC heap before
{Heap before GC invocations=5 (full 0):
 garbage-first heap   total 69632K, used 50505K [0x0000000701400000, 0x0000000800000000)
  region size 2048K, 20 young (40960K), 3 survivors (6144K)
 Metaspace       used 30131K, committed 30400K, reserved 1081344K
  class space    used 3410K, committed 3520K, reserved 1048576K
}
Event: 8.643 GC heap after
{Heap after GC invocations=6 (full 0):
 garbage-first heap   total 69632K, used 19616K [0x0000000701400000, 0x0000000800000000)
  region size 2048K, 2 young (4096K), 2 survivors (4096K)
 Metaspace       used 30131K, committed 30400K, reserved 1081344K
  class space    used 3410K, committed 3520K, reserved 1048576K
}
Event: 8.694 GC heap before
{Heap before GC invocations=6 (full 0):
 garbage-first heap   total 69632K, used 21664K [0x0000000701400000, 0x0000000800000000)
  region size 2048K, 3 young (6144K), 2 survivors (4096K)
 Metaspace       used 30526K, committed 30784K, reserved 1081344K
  class space    used 3467K, committed 3584K, reserved 1048576K
}
Event: 8.697 GC heap after
{Heap after GC invocations=7 (full 0):
 garbage-first heap   total 69632K, used 20439K [0x0000000701400000, 0x0000000800000000)
  region size 2048K, 1 young (2048K), 1 survivors (2048K)
 Metaspace       used 30526K, committed 30784K, reserved 1081344K
  class space    used 3467K, committed 3584K, reserved 1048576K
}
Event: 9.687 GC heap before
{Heap before GC invocations=7 (full 0):
 garbage-first heap   total 69632K, used 36823K [0x0000000701400000, 0x0000000800000000)
  region size 2048K, 10 young (20480K), 1 survivors (2048K)
 Metaspace       used 34607K, committed 34752K, reserved 1081344K
  class space    used 4081K, committed 4160K, reserved 1048576K
}
Event: 9.689 GC heap after
{Heap after GC invocations=8 (full 0):
 garbage-first heap   total 69632K, used 20942K [0x0000000701400000, 0x0000000800000000)
  region size 2048K, 1 young (2048K), 1 survivors (2048K)
 Metaspace       used 34607K, committed 34752K, reserved 1081344K
  class space    used 4081K, committed 4160K, reserved 1048576K
}
Event: 11.788 GC heap before
{Heap before GC invocations=8 (full 0):
 garbage-first heap   total 69632K, used 43470K [0x0000000701400000, 0x0000000800000000)
  region size 2048K, 4 young (8192K), 1 survivors (2048K)
 Metaspace       used 35685K, committed 35968K, reserved 1081344K
  class space    used 4240K, committed 4416K, reserved 1048576K
}
Event: 11.789 GC heap after
{Heap after GC invocations=9 (full 0):
 garbage-first heap   total 69632K, used 39745K [0x0000000701400000, 0x0000000800000000)
  region size 2048K, 1 young (2048K), 1 survivors (2048K)
 Metaspace       used 35685K, committed 35968K, reserved 1081344K
  class space    used 4240K, committed 4416K, reserved 1048576K
}
Event: 26.344 GC heap before
{Heap before GC invocations=10 (full 0):
 garbage-first heap   total 71680K, used 49985K [0x0000000701400000, 0x0000000800000000)
  region size 2048K, 7 young (14336K), 1 survivors (2048K)
 Metaspace       used 37757K, committed 38016K, reserved 1089536K
  class space    used 4499K, committed 4608K, reserved 1048576K
}
Event: 26.347 GC heap after
{Heap after GC invocations=11 (full 0):
 garbage-first heap   total 71680K, used 41279K [0x0000000701400000, 0x0000000800000000)
  region size 2048K, 1 young (2048K), 1 survivors (2048K)
 Metaspace       used 37757K, committed 38016K, reserved 1089536K
  class space    used 4499K, committed 4608K, reserved 1048576K
}
Event: 47.855 GC heap before
{Heap before GC invocations=12 (full 0):
 garbage-first heap   total 75776K, used 51519K [0x0000000701400000, 0x0000000800000000)
  region size 2048K, 7 young (14336K), 1 survivors (2048K)
 Metaspace       used 38181K, committed 38464K, reserved 1089536K
  class space    used 4518K, committed 4672K, reserved 1048576K
}
Event: 47.857 GC heap after
{Heap after GC invocations=13 (full 0):
 garbage-first heap   total 75776K, used 41593K [0x0000000701400000, 0x0000000800000000)
  region size 2048K, 1 young (2048K), 1 survivors (2048K)
 Metaspace       used 38181K, committed 38464K, reserved 1089536K
  class space    used 4518K, committed 4672K, reserved 1048576K
}
Event: 65.004 GC heap before
{Heap before GC invocations=13 (full 0):
 garbage-first heap   total 75776K, used 43641K [0x0000000701400000, 0x0000000800000000)
  region size 2048K, 2 young (4096K), 1 survivors (2048K)
 Metaspace       used 38215K, committed 38528K, reserved 1089536K
  class space    used 4518K, committed 4672K, reserved 1048576K
}
Event: 65.007 GC heap after
{Heap after GC invocations=14 (full 0):
 garbage-first heap   total 75776K, used 40999K [0x0000000701400000, 0x0000000800000000)
  region size 2048K, 1 young (2048K), 1 survivors (2048K)
 Metaspace       used 38215K, committed 38528K, reserved 1089536K
  class space    used 4518K, committed 4672K, reserved 1048576K
}

