# JRE version: OpenJDK Runtime Environment Temurin-17.0.2+8 (17.0.2+8) (build 17.0.2+8)
# Java VM: OpenJDK 64-Bit Server VM Temurin-17.0.2+8 (17.0.2+8, mixed mode, tiered, compressed oops, compressed class ptrs, g1 gc, windows-amd64)
GC Precious Log:
 CPUs: 4 total, 4 available
 Memory: 16302M
 Large Page Support: Disabled
 NUMA Support: Disabled
 Compressed Oops: Enabled (Zero based)
 Heap Region Size: 2M
 Heap Min Capacity: 8M
 Heap Initial Capacity: 256M
 Heap Max Capacity: 4076M
 Pre-touch: Disabled
 Parallel Workers: 4
 Concurrent Workers: 1
 Concurrent Refinement Workers: 4
 Periodic GC: Disabled
Heap:
 garbage-first heap   total 75776K, used 47289K [0x0000000701400000, 0x0000000800000000)
  region size 2048K, 5 young (10240K), 1 survivors (2048K)
 Metaspace       used 38550K, committed 38784K, reserved 1089536K
  class space    used 4534K, committed 4672K, reserved 1048576K
GC Heap History (18 events):
Event: 4.354 GC heap before
{Heap before GC invocations=0 (full 0):
 garbage-first heap   total 262144K, used 10240K [0x0000000701400000, 0x0000000800000000)
  region size 2048K, 6 young (12288K), 0 survivors (0K)
 Metaspace       used 4935K, committed 4992K, reserved 1056768K
  class space    used 395K, committed 448K, reserved 1048576K
}
Event: 4.357 GC heap after
{Heap after GC invocations=1 (full 0):
 garbage-first heap   total 262144K, used 8028K [0x0000000701400000, 0x0000000800000000)
  region size 2048K, 1 young (2048K), 1 survivors (2048K)
 Metaspace       used 4935K, committed 4992K, reserved 1056768K
  class space    used 395K, committed 448K, reserved 1048576K
}
Event: 5.126 GC heap before
{Heap before GC invocations=1 (full 0):
 garbage-first heap   total 262144K, used 16220K [0x0000000701400000, 0x0000000800000000)
  region size 2048K, 6 young (12288K), 1 survivors (2048K)
 Metaspace       used 10498K, committed 10688K, reserved 1064960K
  class space    used 941K, committed 1024K, reserved 1048576K
}
Event: 5.128 GC heap after
{Heap after GC invocations=2 (full 0):
 garbage-first heap   total 262144K, used 10604K [0x0000000701400000, 0x0000000800000000)
  region size 2048K, 1 young (2048K), 1 survivors (2048K)
 Metaspace       used 10498K, committed 10688K, reserved 1064960K
  class space    used 941K, committed 1024K, reserved 1048576K
}
Event: 5.788 GC heap before
{Heap before GC invocations=2 (full 0):
 garbage-first heap   total 262144K, used 24940K [0x0000000701400000, 0x0000000800000000)
  region size 2048K, 8 young (16384K), 1 survivors (2048K)
 Metaspace       used 14272K, committed 14400K, reserved 1064960K
  class space    used 1412K, committed 1472K, reserved 1048576K
}
Event: 5.790 GC heap after
{Heap after GC invocations=3 (full 0):
 garbage-first heap   total 262144K, used 11949K [0x0000000701400000, 0x0000000800000000)
  region size 2048K, 1 young (2048K), 1 survivors (2048K)
 Metaspace       used 14272K, committed 14400K, reserved 1064960K
  class space    used 1412K, committed 1472K, reserved 1048576K
}
Event: 8.282 GC heap before
{Heap before GC invocations=3 (full 0):
 garbage-first heap   total 262144K, used 42669K [0x0000000701400000, 0x0000000800000000)
  region size 2048K, 17 young (34816K), 1 survivors (2048K)
 Metaspace       used 21319K, committed 21504K, reserved 1073152K
  class space    used 2296K, committed 2432K, reserved 1048576K
}
Event: 8.287 GC heap after
{Heap after GC invocations=4 (full 0):
 garbage-first heap   total 262144K, used 15640K [0x0000000701400000, 0x0000000800000000)
  region size 2048K, 3 young (6144K), 3 survivors (6144K)
 Metaspace       used 21319K, committed 21504K, reserved 1073152K
  class space    used 2296K, committed 2432K, reserved 1048576K
}
Event: 10.187 GC heap before
{Heap before GC invocations=5 (full 0):
 garbage-first heap   total 69632K, used 50456K [0x0000000701400000, 0x0000000800000000)
  region size 2048K, 20 young (40960K), 3 survivors (6144K)
 Metaspace       used 30247K, committed 30464K, reserved 1081344K
  class space    used 3424K, committed 3520K, reserved 1048576K
}
Event: 10.193 GC heap after
{Heap after GC invocations=6 (full 0):
 garbage-first heap   total 69632K, used 19762K [0x0000000701400000, 0x0000000800000000)
  region size 2048K, 3 young (6144K), 3 survivors (6144K)
 Metaspace       used 30247K, committed 30464K, reserved 1081344K
  class space    used 3424K, committed 3520K, reserved 1048576K
}
Event: 11.080 GC heap before
{Heap before GC invocations=6 (full 0):
 garbage-first heap   total 69632K, used 38194K [0x0000000701400000, 0x0000000800000000)
  region size 2048K, 13 young (26624K), 3 survivors (6144K)
 Metaspace       used 34601K, committed 34816K, reserved 1081344K
  class space    used 4082K, committed 4160K, reserved 1048576K
}
Event: 11.085 GC heap after
{Heap after GC invocations=7 (full 0):
 garbage-first heap   total 69632K, used 20817K [0x0000000701400000, 0x0000000800000000)
  region size 2048K, 1 young (2048K), 1 survivors (2048K)
 Metaspace       used 34601K, committed 34816K, reserved 1081344K
  class space    used 4082K, committed 4160K, reserved 1048576K
}
Event: 12.618 GC heap before
{Heap before GC invocations=7 (full 0):
 garbage-first heap   total 69632K, used 43345K [0x0000000701400000, 0x0000000800000000)
  region size 2048K, 4 young (8192K), 1 survivors (2048K)
 Metaspace       used 35697K, committed 35968K, reserved 1081344K
  class space    used 4243K, committed 4416K, reserved 1048576K
}
Event: 12.619 GC heap after
{Heap after GC invocations=8 (full 0):
 garbage-first heap   total 69632K, used 39510K [0x0000000701400000, 0x0000000800000000)
  region size 2048K, 1 young (2048K), 1 survivors (2048K)
 Metaspace       used 35697K, committed 35968K, reserved 1081344K
  class space    used 4243K, committed 4416K, reserved 1048576K
}
Event: 19.491 GC heap before
{Heap before GC invocations=9 (full 0):
 garbage-first heap   total 75776K, used 49750K [0x0000000701400000, 0x0000000800000000)
  region size 2048K, 6 young (12288K), 1 survivors (2048K)
 Metaspace       used 37541K, committed 37824K, reserved 1089536K
  class space    used 4480K, committed 4608K, reserved 1048576K
}
Event: 19.494 GC heap after
{Heap after GC invocations=10 (full 0):
 garbage-first heap   total 75776K, used 41066K [0x0000000701400000, 0x0000000800000000)
  region size 2048K, 1 young (2048K), 1 survivors (2048K)
 Metaspace       used 37541K, committed 37824K, reserved 1089536K
  class space    used 4480K, committed 4608K, reserved 1048576K
}
Event: 64.743 GC heap before
{Heap before GC invocations=11 (full 0):
 garbage-first heap   total 75776K, used 55402K [0x0000000701400000, 0x0000000800000000)
  region size 2048K, 9 young (18432K), 1 survivors (2048K)
 Metaspace       used 38202K, committed 38528K, reserved 1089536K
  class space    used 4517K, committed 4672K, reserved 1048576K
}
Event: 64.747 GC heap after
{Heap after GC invocations=12 (full 0):
 garbage-first heap   total 75776K, used 41145K [0x0000000701400000, 0x0000000800000000)
  region size 2048K, 1 young (2048K), 1 survivors (2048K)
 Metaspace       used 38202K, committed 38528K, reserved 1089536K
  class space    used 4517K, committed 4672K, reserved 1048576K
}

