# JRE version: OpenJDK Runtime Environment Temurin-17.0.2+8 (17.0.2+8) (build 17.0.2+8)
# Java VM: OpenJDK 64-Bit Server VM Temurin-17.0.2+8 (17.0.2+8, mixed mode, tiered, compressed oops, compressed class ptrs, g1 gc, windows-amd64)
GC Precious Log:
 CPUs: 4 total, 4 available
 Memory: 16302M
 Large Page Support: Disabled
 NUMA Support: Disabled
 Compressed Oops: Enabled (Zero based)
 Heap Region Size: 2M
 Heap Min Capacity: 8M
 Heap Initial Capacity: 256M
 Heap Max Capacity: 4076M
 Pre-touch: Disabled
 Parallel Workers: 4
 Concurrent Workers: 1
 Concurrent Refinement Workers: 4
 Periodic GC: Disabled
Heap:
 garbage-first heap   total 311296K, used 205190K [0x0000000701400000, 0x0000000800000000)
  region size 2048K, 15 young (30720K), 2 survivors (4096K)
 Metaspace       used 45806K, committed 46144K, reserved 1097728K
  class space    used 5275K, committed 5440K, reserved 1048576K
GC Heap History (20 events):
Event: 173.256 GC heap before
{Heap before GC invocations=24 (full 0):
 garbage-first heap   total 184320K, used 152561K [0x0000000701400000, 0x0000000800000000)
  region size 2048K, 25 young (51200K), 1 survivors (2048K)
 Metaspace       used 45044K, committed 45440K, reserved 1089536K
  class space    used 5237K, committed 5440K, reserved 1048576K
}
Event: 173.258 GC heap after
{Heap after GC invocations=25 (full 0):
 garbage-first heap   total 184320K, used 105279K [0x0000000701400000, 0x0000000800000000)
  region size 2048K, 1 young (2048K), 1 survivors (2048K)
 Metaspace       used 45044K, committed 45440K, reserved 1089536K
  class space    used 5237K, committed 5440K, reserved 1048576K
}
Event: 206.153 GC heap before
{Heap before GC invocations=26 (full 0):
 garbage-first heap   total 184320K, used 119615K [0x0000000701400000, 0x0000000800000000)
  region size 2048K, 9 young (18432K), 1 survivors (2048K)
 Metaspace       used 45196K, committed 45568K, reserved 1089536K
  class space    used 5255K, committed 5440K, reserved 1048576K
}
Event: 206.155 GC heap after
{Heap after GC invocations=27 (full 0):
 garbage-first heap   total 184320K, used 105905K [0x0000000701400000, 0x0000000800000000)
  region size 2048K, 2 young (4096K), 2 survivors (4096K)
 Metaspace       used 45196K, committed 45568K, reserved 1089536K
  class space    used 5255K, committed 5440K, reserved 1048576K
}
Event: 236.161 GC heap before
{Heap before GC invocations=28 (full 0):
 garbage-first heap   total 219136K, used 146865K [0x0000000701400000, 0x0000000800000000)
  region size 2048K, 15 young (30720K), 2 survivors (4096K)
 Metaspace       used 45230K, committed 45568K, reserved 1089536K
  class space    used 5255K, committed 5440K, reserved 1048576K
}
Event: 236.163 GC heap after
{Heap after GC invocations=29 (full 0):
 garbage-first heap   total 219136K, used 124135K [0x0000000701400000, 0x0000000800000000)
  region size 2048K, 1 young (2048K), 1 survivors (2048K)
 Metaspace       used 45230K, committed 45568K, reserved 1089536K
  class space    used 5255K, committed 5440K, reserved 1048576K
}
Event: 285.366 GC heap before
{Heap before GC invocations=30 (full 0):
 garbage-first heap   total 245760K, used 204007K [0x0000000701400000, 0x0000000800000000)
  region size 2048K, 31 young (63488K), 1 survivors (2048K)
 Metaspace       used 45275K, committed 45632K, reserved 1089536K
  class space    used 5257K, committed 5440K, reserved 1048576K
}
Event: 285.369 GC heap after
{Heap after GC invocations=31 (full 0):
 garbage-first heap   total 245760K, used 143198K [0x0000000701400000, 0x0000000800000000)
  region size 2048K, 2 young (4096K), 2 survivors (4096K)
 Metaspace       used 45275K, committed 45632K, reserved 1089536K
  class space    used 5257K, committed 5440K, reserved 1048576K
}
Event: 287.148 GC heap before
{Heap before GC invocations=31 (full 0):
 garbage-first heap   total 245760K, used 147294K [0x0000000701400000, 0x0000000800000000)
  region size 2048K, 5 young (10240K), 2 survivors (4096K)
 Metaspace       used 45297K, committed 45632K, reserved 1089536K
  class space    used 5257K, committed 5440K, reserved 1048576K
}
Event: 287.150 GC heap after
{Heap after GC invocations=32 (full 0):
 garbage-first heap   total 245760K, used 142860K [0x0000000701400000, 0x0000000800000000)
  region size 2048K, 2 young (4096K), 2 survivors (4096K)
 Metaspace       used 45297K, committed 45632K, reserved 1089536K
  class space    used 5257K, committed 5440K, reserved 1048576K
}
Event: 340.002 GC heap before
{Heap before GC invocations=33 (full 0):
 garbage-first heap   total 280576K, used 224780K [0x0000000701400000, 0x0000000800000000)
  region size 2048K, 33 young (67584K), 2 survivors (4096K)
 Metaspace       used 45330K, committed 45696K, reserved 1089536K
  class space    used 5260K, committed 5440K, reserved 1048576K
}
Event: 340.005 GC heap after
{Heap after GC invocations=34 (full 0):
 garbage-first heap   total 280576K, used 161797K [0x0000000701400000, 0x0000000800000000)
  region size 2048K, 2 young (4096K), 2 survivors (4096K)
 Metaspace       used 45330K, committed 45696K, reserved 1089536K
  class space    used 5260K, committed 5440K, reserved 1048576K
}
Event: 365.296 GC heap before
{Heap before GC invocations=34 (full 0):
 garbage-first heap   total 280576K, used 188421K [0x0000000701400000, 0x0000000800000000)
  region size 2048K, 16 young (32768K), 2 survivors (4096K)
 Metaspace       used 45348K, committed 45696K, reserved 1089536K
  class space    used 5260K, committed 5440K, reserved 1048576K
}
Event: 365.298 GC heap after
{Heap after GC invocations=35 (full 0):
 garbage-first heap   total 280576K, used 161562K [0x0000000701400000, 0x0000000800000000)
  region size 2048K, 2 young (4096K), 2 survivors (4096K)
 Metaspace       used 45348K, committed 45696K, reserved 1089536K
  class space    used 5260K, committed 5440K, reserved 1048576K
}
Event: 460.138 GC heap before
{Heap before GC invocations=36 (full 0):
 garbage-first heap   total 311296K, used 255770K [0x0000000701400000, 0x0000000800000000)
  region size 2048K, 39 young (79872K), 2 survivors (4096K)
 Metaspace       used 45480K, committed 45824K, reserved 1089536K
  class space    used 5261K, committed 5440K, reserved 1048576K
}
Event: 460.141 GC heap after
{Heap after GC invocations=37 (full 0):
 garbage-first heap   total 311296K, used 180054K [0x0000000701400000, 0x0000000800000000)
  region size 2048K, 2 young (4096K), 2 survivors (4096K)
 Metaspace       used 45480K, committed 45824K, reserved 1089536K
  class space    used 5261K, committed 5440K, reserved 1048576K
}
Event: 574.008 GC heap before
{Heap before GC invocations=37 (full 0):
 garbage-first heap   total 311296K, used 270166K [0x0000000701400000, 0x0000000800000000)
  region size 2048K, 46 young (94208K), 2 survivors (4096K)
 Metaspace       used 45552K, committed 45888K, reserved 1089536K
  class space    used 5264K, committed 5440K, reserved 1048576K
}
Event: 574.011 GC heap after
{Heap after GC invocations=38 (full 0):
 garbage-first heap   total 311296K, used 180233K [0x0000000701400000, 0x0000000800000000)
  region size 2048K, 2 young (4096K), 2 survivors (4096K)
 Metaspace       used 45552K, committed 45888K, reserved 1089536K
  class space    used 5264K, committed 5440K, reserved 1048576K
}
Event: 694.402 GC heap before
{Heap before GC invocations=39 (full 0):
 garbage-first heap   total 311296K, used 270345K [0x0000000701400000, 0x0000000800000000)
  region size 2048K, 46 young (94208K), 2 survivors (4096K)
 Metaspace       used 45589K, committed 45952K, reserved 1097728K
  class space    used 5264K, committed 5440K, reserved 1048576K
}
Event: 694.404 GC heap after
{Heap after GC invocations=40 (full 0):
 garbage-first heap   total 311296K, used 180614K [0x0000000701400000, 0x0000000800000000)
  region size 2048K, 2 young (4096K), 2 survivors (4096K)
 Metaspace       used 45589K, committed 45952K, reserved 1097728K
  class space    used 5264K, committed 5440K, reserved 1048576K
}

