# JRE version: OpenJDK Runtime Environment Temurin-17.0.2+8 (17.0.2+8) (build 17.0.2+8)
# Java VM: OpenJDK 64-Bit Server VM Temurin-17.0.2+8 (17.0.2+8, mixed mode, tiered, compressed oops, compressed class ptrs, g1 gc, windows-amd64)
GC Precious Log:
 CPUs: 4 total, 4 available
 Memory: 16302M
 Large Page Support: Disabled
 NUMA Support: Disabled
 Compressed Oops: Enabled (Zero based)
 Heap Region Size: 2M
 Heap Min Capacity: 8M
 Heap Initial Capacity: 256M
 Heap Max Capacity: 4076M
 Pre-touch: Disabled
 Parallel Workers: 4
 Concurrent Workers: 1
 Concurrent Refinement Workers: 4
 Periodic GC: Disabled
Heap:
 garbage-first heap   total 75776K, used 47631K [0x0000000701400000, 0x0000000800000000)
  region size 2048K, 5 young (10240K), 1 survivors (2048K)
 Metaspace       used 38516K, committed 38784K, reserved 1089536K
  class space    used 4530K, committed 4672K, reserved 1048576K
GC Heap History (20 events):
Event: 4.430 GC heap before
{Heap before GC invocations=0 (full 0):
 garbage-first heap   total 262144K, used 10240K [0x0000000701400000, 0x0000000800000000)
  region size 2048K, 6 young (12288K), 0 survivors (0K)
 Metaspace       used 4929K, committed 4992K, reserved 1056768K
  class space    used 395K, committed 448K, reserved 1048576K
}
Event: 4.434 GC heap after
{Heap after GC invocations=1 (full 0):
 garbage-first heap   total 262144K, used 7731K [0x0000000701400000, 0x0000000800000000)
  region size 2048K, 1 young (2048K), 1 survivors (2048K)
 Metaspace       used 4929K, committed 4992K, reserved 1056768K
  class space    used 395K, committed 448K, reserved 1048576K
}
Event: 5.220 GC heap before
{Heap before GC invocations=1 (full 0):
 garbage-first heap   total 262144K, used 17971K [0x0000000701400000, 0x0000000800000000)
  region size 2048K, 6 young (12288K), 1 survivors (2048K)
 Metaspace       used 10513K, committed 10688K, reserved 1064960K
  class space    used 939K, committed 1024K, reserved 1048576K
}
Event: 5.222 GC heap after
{Heap after GC invocations=2 (full 0):
 garbage-first heap   total 262144K, used 10603K [0x0000000701400000, 0x0000000800000000)
  region size 2048K, 1 young (2048K), 1 survivors (2048K)
 Metaspace       used 10513K, committed 10688K, reserved 1064960K
  class space    used 939K, committed 1024K, reserved 1048576K
}
Event: 5.757 GC heap before
{Heap before GC invocations=2 (full 0):
 garbage-first heap   total 262144K, used 24939K [0x0000000701400000, 0x0000000800000000)
  region size 2048K, 8 young (16384K), 1 survivors (2048K)
 Metaspace       used 14236K, committed 14336K, reserved 1064960K
  class space    used 1408K, committed 1472K, reserved 1048576K
}
Event: 5.759 GC heap after
{Heap after GC invocations=3 (full 0):
 garbage-first heap   total 262144K, used 12174K [0x0000000701400000, 0x0000000800000000)
  region size 2048K, 1 young (2048K), 1 survivors (2048K)
 Metaspace       used 14236K, committed 14336K, reserved 1064960K
  class space    used 1408K, committed 1472K, reserved 1048576K
}
Event: 6.729 GC heap before
{Heap before GC invocations=3 (full 0):
 garbage-first heap   total 262144K, used 40846K [0x0000000701400000, 0x0000000800000000)
  region size 2048K, 16 young (32768K), 1 survivors (2048K)
 Metaspace       used 21267K, committed 21504K, reserved 1073152K
  class space    used 2293K, committed 2432K, reserved 1048576K
}
Event: 6.733 GC heap after
{Heap after GC invocations=4 (full 0):
 garbage-first heap   total 262144K, used 15690K [0x0000000701400000, 0x0000000800000000)
  region size 2048K, 3 young (6144K), 3 survivors (6144K)
 Metaspace       used 21267K, committed 21504K, reserved 1073152K
  class space    used 2293K, committed 2432K, reserved 1048576K
}
Event: 8.601 GC heap before
{Heap before GC invocations=5 (full 0):
 garbage-first heap   total 69632K, used 50506K [0x0000000701400000, 0x0000000800000000)
  region size 2048K, 20 young (40960K), 3 survivors (6144K)
 Metaspace       used 29812K, committed 30080K, reserved 1081344K
  class space    used 3373K, committed 3520K, reserved 1048576K
}
Event: 8.607 GC heap after
{Heap after GC invocations=6 (full 0):
 garbage-first heap   total 69632K, used 19769K [0x0000000701400000, 0x0000000800000000)
  region size 2048K, 3 young (6144K), 3 survivors (6144K)
 Metaspace       used 29812K, committed 30080K, reserved 1081344K
  class space    used 3373K, committed 3520K, reserved 1048576K
}
Event: 8.653 GC heap before
{Heap before GC invocations=6 (full 0):
 garbage-first heap   total 69632K, used 21817K [0x0000000701400000, 0x0000000800000000)
  region size 2048K, 4 young (8192K), 3 survivors (6144K)
 Metaspace       used 30376K, committed 30656K, reserved 1081344K
  class space    used 3437K, committed 3584K, reserved 1048576K
}
Event: 8.656 GC heap after
{Heap after GC invocations=7 (full 0):
 garbage-first heap   total 69632K, used 20041K [0x0000000701400000, 0x0000000800000000)
  region size 2048K, 1 young (2048K), 1 survivors (2048K)
 Metaspace       used 30376K, committed 30656K, reserved 1081344K
  class space    used 3437K, committed 3584K, reserved 1048576K
}
Event: 9.525 GC heap before
{Heap before GC invocations=7 (full 0):
 garbage-first heap   total 69632K, used 36425K [0x0000000701400000, 0x0000000800000000)
  region size 2048K, 11 young (22528K), 1 survivors (2048K)
 Metaspace       used 34600K, committed 34816K, reserved 1081344K
  class space    used 4080K, committed 4160K, reserved 1048576K
}
Event: 9.528 GC heap after
{Heap after GC invocations=8 (full 0):
 garbage-first heap   total 69632K, used 20822K [0x0000000701400000, 0x0000000800000000)
  region size 2048K, 1 young (2048K), 1 survivors (2048K)
 Metaspace       used 34600K, committed 34816K, reserved 1081344K
  class space    used 4080K, committed 4160K, reserved 1048576K
}
Event: 11.132 GC heap before
{Heap before GC invocations=8 (full 0):
 garbage-first heap   total 69632K, used 43350K [0x0000000701400000, 0x0000000800000000)
  region size 2048K, 4 young (8192K), 1 survivors (2048K)
 Metaspace       used 35714K, committed 35968K, reserved 1081344K
  class space    used 4241K, committed 4416K, reserved 1048576K
}
Event: 11.134 GC heap after
{Heap after GC invocations=9 (full 0):
 garbage-first heap   total 69632K, used 39541K [0x0000000701400000, 0x0000000800000000)
  region size 2048K, 1 young (2048K), 1 survivors (2048K)
 Metaspace       used 35714K, committed 35968K, reserved 1081344K
  class space    used 4241K, committed 4416K, reserved 1048576K
}
Event: 25.729 GC heap before
{Heap before GC invocations=10 (full 0):
 garbage-first heap   total 71680K, used 51829K [0x0000000701400000, 0x0000000800000000)
  region size 2048K, 7 young (14336K), 1 survivors (2048K)
 Metaspace       used 37742K, committed 37952K, reserved 1089536K
  class space    used 4497K, committed 4608K, reserved 1048576K
}
Event: 25.734 GC heap after
{Heap after GC invocations=11 (full 0):
 garbage-first heap   total 71680K, used 41180K [0x0000000701400000, 0x0000000800000000)
  region size 2048K, 1 young (2048K), 1 survivors (2048K)
 Metaspace       used 37742K, committed 37952K, reserved 1089536K
  class space    used 4497K, committed 4608K, reserved 1048576K
}
Event: 46.073 GC heap before
{Heap before GC invocations=12 (full 0):
 garbage-first heap   total 75776K, used 51420K [0x0000000701400000, 0x0000000800000000)
  region size 2048K, 7 young (14336K), 1 survivors (2048K)
 Metaspace       used 38162K, committed 38400K, reserved 1089536K
  class space    used 4516K, committed 4608K, reserved 1048576K
}
Event: 46.074 GC heap after
{Heap after GC invocations=13 (full 0):
 garbage-first heap   total 75776K, used 41487K [0x0000000701400000, 0x0000000800000000)
  region size 2048K, 1 young (2048K), 1 survivors (2048K)
 Metaspace       used 38162K, committed 38400K, reserved 1089536K
  class space    used 4516K, committed 4608K, reserved 1048576K
}

