# JRE version: OpenJDK Runtime Environment Temurin-17.0.2+8 (17.0.2+8) (build 17.0.2+8)
# Java VM: OpenJDK 64-Bit Server VM Temurin-17.0.2+8 (17.0.2+8, mixed mode, tiered, compressed oops, compressed class ptrs, g1 gc, windows-amd64)
GC Precious Log:
 CPUs: 4 total, 4 available
 Memory: 16302M
 Large Page Support: Disabled
 NUMA Support: Disabled
 Compressed Oops: Enabled (Zero based)
 Heap Region Size: 2M
 Heap Min Capacity: 8M
 Heap Initial Capacity: 256M
 Heap Max Capacity: 4076M
 Pre-touch: Disabled
 Parallel Workers: 4
 Concurrent Workers: 1
 Concurrent Refinement Workers: 4
 Periodic GC: Disabled
Heap:
 garbage-first heap   total 75776K, used 47326K [0x0000000701400000, 0x0000000800000000)
  region size 2048K, 6 young (12288K), 1 survivors (2048K)
 Metaspace       used 38537K, committed 38784K, reserved 1089536K
  class space    used 4534K, committed 4672K, reserved 1048576K
GC Heap History (20 events):
Event: 4.321 GC heap before
{Heap before GC invocations=0 (full 0):
 garbage-first heap   total 262144K, used 10240K [0x0000000701400000, 0x0000000800000000)
  region size 2048K, 6 young (12288K), 0 survivors (0K)
 Metaspace       used 4927K, committed 4992K, reserved 1056768K
  class space    used 395K, committed 448K, reserved 1048576K
}
Event: 4.324 GC heap after
{Heap after GC invocations=1 (full 0):
 garbage-first heap   total 262144K, used 7657K [0x0000000701400000, 0x0000000800000000)
  region size 2048K, 1 young (2048K), 1 survivors (2048K)
 Metaspace       used 4927K, committed 4992K, reserved 1056768K
  class space    used 395K, committed 448K, reserved 1048576K
}
Event: 5.090 GC heap before
{Heap before GC invocations=1 (full 0):
 garbage-first heap   total 262144K, used 17897K [0x0000000701400000, 0x0000000800000000)
  region size 2048K, 6 young (12288K), 1 survivors (2048K)
 Metaspace       used 10499K, committed 10688K, reserved 1064960K
  class space    used 941K, committed 1024K, reserved 1048576K
}
Event: 5.092 GC heap after
{Heap after GC invocations=2 (full 0):
 garbage-first heap   total 262144K, used 10455K [0x0000000701400000, 0x0000000800000000)
  region size 2048K, 1 young (2048K), 1 survivors (2048K)
 Metaspace       used 10499K, committed 10688K, reserved 1064960K
  class space    used 941K, committed 1024K, reserved 1048576K
}
Event: 5.558 GC heap before
{Heap before GC invocations=2 (full 0):
 garbage-first heap   total 262144K, used 24791K [0x0000000701400000, 0x0000000800000000)
  region size 2048K, 8 young (16384K), 1 survivors (2048K)
 Metaspace       used 14253K, committed 14400K, reserved 1064960K
  class space    used 1411K, committed 1472K, reserved 1048576K
}
Event: 5.560 GC heap after
{Heap after GC invocations=3 (full 0):
 garbage-first heap   total 262144K, used 11922K [0x0000000701400000, 0x0000000800000000)
  region size 2048K, 1 young (2048K), 1 survivors (2048K)
 Metaspace       used 14253K, committed 14400K, reserved 1064960K
  class space    used 1411K, committed 1472K, reserved 1048576K
}
Event: 6.517 GC heap before
{Heap before GC invocations=3 (full 0):
 garbage-first heap   total 262144K, used 42642K [0x0000000701400000, 0x0000000800000000)
  region size 2048K, 17 young (34816K), 1 survivors (2048K)
 Metaspace       used 21279K, committed 21504K, reserved 1073152K
  class space    used 2293K, committed 2432K, reserved 1048576K
}
Event: 6.522 GC heap after
{Heap after GC invocations=4 (full 0):
 garbage-first heap   total 262144K, used 15499K [0x0000000701400000, 0x0000000800000000)
  region size 2048K, 3 young (6144K), 3 survivors (6144K)
 Metaspace       used 21279K, committed 21504K, reserved 1073152K
  class space    used 2293K, committed 2432K, reserved 1048576K
}
Event: 8.409 GC heap before
{Heap before GC invocations=5 (full 0):
 garbage-first heap   total 69632K, used 50315K [0x0000000701400000, 0x0000000800000000)
  region size 2048K, 20 young (40960K), 3 survivors (6144K)
 Metaspace       used 30176K, committed 30400K, reserved 1081344K
  class space    used 3415K, committed 3520K, reserved 1048576K
}
Event: 8.415 GC heap after
{Heap after GC invocations=6 (full 0):
 garbage-first heap   total 69632K, used 19461K [0x0000000701400000, 0x0000000800000000)
  region size 2048K, 2 young (4096K), 2 survivors (4096K)
 Metaspace       used 30176K, committed 30400K, reserved 1081344K
  class space    used 3415K, committed 3520K, reserved 1048576K
}
Event: 8.475 GC heap before
{Heap before GC invocations=6 (full 0):
 garbage-first heap   total 69632K, used 21509K [0x0000000701400000, 0x0000000800000000)
  region size 2048K, 3 young (6144K), 2 survivors (4096K)
 Metaspace       used 30572K, committed 30784K, reserved 1081344K
  class space    used 3485K, committed 3584K, reserved 1048576K
}
Event: 8.477 GC heap after
{Heap after GC invocations=7 (full 0):
 garbage-first heap   total 69632K, used 20209K [0x0000000701400000, 0x0000000800000000)
  region size 2048K, 1 young (2048K), 1 survivors (2048K)
 Metaspace       used 30572K, committed 30784K, reserved 1081344K
  class space    used 3485K, committed 3584K, reserved 1048576K
}
Event: 9.518 GC heap before
{Heap before GC invocations=7 (full 0):
 garbage-first heap   total 69632K, used 36593K [0x0000000701400000, 0x0000000800000000)
  region size 2048K, 10 young (20480K), 1 survivors (2048K)
 Metaspace       used 34605K, committed 34880K, reserved 1081344K
  class space    used 4082K, committed 4224K, reserved 1048576K
}
Event: 9.520 GC heap after
{Heap after GC invocations=8 (full 0):
 garbage-first heap   total 69632K, used 20667K [0x0000000701400000, 0x0000000800000000)
  region size 2048K, 1 young (2048K), 1 survivors (2048K)
 Metaspace       used 34605K, committed 34880K, reserved 1081344K
  class space    used 4082K, committed 4224K, reserved 1048576K
}
Event: 11.135 GC heap before
{Heap before GC invocations=8 (full 0):
 garbage-first heap   total 69632K, used 43195K [0x0000000701400000, 0x0000000800000000)
  region size 2048K, 4 young (8192K), 1 survivors (2048K)
 Metaspace       used 35771K, committed 35968K, reserved 1081344K
  class space    used 4248K, committed 4352K, reserved 1048576K
}
Event: 11.136 GC heap after
{Heap after GC invocations=9 (full 0):
 garbage-first heap   total 69632K, used 39485K [0x0000000701400000, 0x0000000800000000)
  region size 2048K, 1 young (2048K), 1 survivors (2048K)
 Metaspace       used 35771K, committed 35968K, reserved 1081344K
  class space    used 4248K, committed 4352K, reserved 1048576K
}
Event: 24.905 GC heap before
{Heap before GC invocations=10 (full 0):
 garbage-first heap   total 71680K, used 49725K [0x0000000701400000, 0x0000000800000000)
  region size 2048K, 7 young (14336K), 1 survivors (2048K)
 Metaspace       used 37750K, committed 37952K, reserved 1089536K
  class space    used 4498K, committed 4608K, reserved 1048576K
}
Event: 24.908 GC heap after
{Heap after GC invocations=11 (full 0):
 garbage-first heap   total 71680K, used 40995K [0x0000000701400000, 0x0000000800000000)
  region size 2048K, 1 young (2048K), 1 survivors (2048K)
 Metaspace       used 37750K, committed 37952K, reserved 1089536K
  class space    used 4498K, committed 4608K, reserved 1048576K
}
Event: 46.266 GC heap before
{Heap before GC invocations=11 (full 0):
 garbage-first heap   total 71680K, used 51235K [0x0000000701400000, 0x0000000800000000)
  region size 2048K, 7 young (14336K), 1 survivors (2048K)
 Metaspace       used 38166K, committed 38400K, reserved 1089536K
  class space    used 4518K, committed 4672K, reserved 1048576K
}
Event: 46.268 GC heap after
{Heap after GC invocations=12 (full 0):
 garbage-first heap   total 71680K, used 41182K [0x0000000701400000, 0x0000000800000000)
  region size 2048K, 1 young (2048K), 1 survivors (2048K)
 Metaspace       used 38166K, committed 38400K, reserved 1089536K
  class space    used 4518K, committed 4672K, reserved 1048576K
}

