# JRE version: OpenJDK Runtime Environment Temurin-17.0.2+8 (17.0.2+8) (build 17.0.2+8)
# Java VM: OpenJDK 64-Bit Server VM Temurin-17.0.2+8 (17.0.2+8, mixed mode, tiered, compressed oops, compressed class ptrs, g1 gc, windows-amd64)
GC Precious Log:
 CPUs: 4 total, 4 available
 Memory: 16302M
 Large Page Support: Disabled
 NUMA Support: Disabled
 Compressed Oops: Enabled (Zero based)
 Heap Region Size: 2M
 Heap Min Capacity: 8M
 Heap Initial Capacity: 256M
 Heap Max Capacity: 4076M
 Pre-touch: Disabled
 Parallel Workers: 4
 Concurrent Workers: 1
 Concurrent Refinement Workers: 4
 Periodic GC: Disabled
Heap:
 garbage-first heap   total 75776K, used 45158K [0x0000000701400000, 0x0000000800000000)
  region size 2048K, 4 young (8192K), 1 survivors (2048K)
 Metaspace       used 38498K, committed 38720K, reserved 1089536K
  class space    used 4528K, committed 4608K, reserved 1048576K
GC Heap History (18 events):
Event: 4.304 GC heap before
{Heap before GC invocations=0 (full 0):
 garbage-first heap   total 262144K, used 10240K [0x0000000701400000, 0x0000000800000000)
  region size 2048K, 6 young (12288K), 0 survivors (0K)
 Metaspace       used 4930K, committed 4992K, reserved 1056768K
  class space    used 395K, committed 448K, reserved 1048576K
}
Event: 4.306 GC heap after
{Heap after GC invocations=1 (full 0):
 garbage-first heap   total 262144K, used 8192K [0x0000000701400000, 0x0000000800000000)
  region size 2048K, 1 young (2048K), 1 survivors (2048K)
 Metaspace       used 4930K, committed 4992K, reserved 1056768K
  class space    used 395K, committed 448K, reserved 1048576K
}
Event: 5.096 GC heap before
{Heap before GC invocations=1 (full 0):
 garbage-first heap   total 262144K, used 18432K [0x0000000701400000, 0x0000000800000000)
  region size 2048K, 6 young (12288K), 1 survivors (2048K)
 Metaspace       used 10505K, committed 10688K, reserved 1064960K
  class space    used 939K, committed 1024K, reserved 1048576K
}
Event: 5.098 GC heap after
{Heap after GC invocations=2 (full 0):
 garbage-first heap   total 262144K, used 10504K [0x0000000701400000, 0x0000000800000000)
  region size 2048K, 1 young (2048K), 1 survivors (2048K)
 Metaspace       used 10505K, committed 10688K, reserved 1064960K
  class space    used 939K, committed 1024K, reserved 1048576K
}
Event: 5.520 GC heap before
{Heap before GC invocations=2 (full 0):
 garbage-first heap   total 262144K, used 24840K [0x0000000701400000, 0x0000000800000000)
  region size 2048K, 8 young (16384K), 1 survivors (2048K)
 Metaspace       used 14116K, committed 14272K, reserved 1064960K
  class space    used 1401K, committed 1472K, reserved 1048576K
}
Event: 5.523 GC heap after
{Heap after GC invocations=3 (full 0):
 garbage-first heap   total 262144K, used 11896K [0x0000000701400000, 0x0000000800000000)
  region size 2048K, 1 young (2048K), 1 survivors (2048K)
 Metaspace       used 14116K, committed 14272K, reserved 1064960K
  class space    used 1401K, committed 1472K, reserved 1048576K
}
Event: 6.821 GC heap before
{Heap before GC invocations=3 (full 0):
 garbage-first heap   total 262144K, used 42616K [0x0000000701400000, 0x0000000800000000)
  region size 2048K, 17 young (34816K), 1 survivors (2048K)
 Metaspace       used 21318K, committed 21504K, reserved 1073152K
  class space    used 2293K, committed 2432K, reserved 1048576K
}
Event: 6.826 GC heap after
{Heap after GC invocations=4 (full 0):
 garbage-first heap   total 262144K, used 15570K [0x0000000701400000, 0x0000000800000000)
  region size 2048K, 3 young (6144K), 3 survivors (6144K)
 Metaspace       used 21318K, committed 21504K, reserved 1073152K
  class space    used 2293K, committed 2432K, reserved 1048576K
}
Event: 8.675 GC heap before
{Heap before GC invocations=5 (full 0):
 garbage-first heap   total 69632K, used 50386K [0x0000000701400000, 0x0000000800000000)
  region size 2048K, 20 young (40960K), 3 survivors (6144K)
 Metaspace       used 30175K, committed 30400K, reserved 1081344K
  class space    used 3411K, committed 3520K, reserved 1048576K
}
Event: 8.682 GC heap after
{Heap after GC invocations=6 (full 0):
 garbage-first heap   total 69632K, used 19512K [0x0000000701400000, 0x0000000800000000)
  region size 2048K, 2 young (4096K), 2 survivors (4096K)
 Metaspace       used 30175K, committed 30400K, reserved 1081344K
  class space    used 3411K, committed 3520K, reserved 1048576K
}
Event: 9.744 GC heap before
{Heap before GC invocations=6 (full 0):
 garbage-first heap   total 69632K, used 37944K [0x0000000701400000, 0x0000000800000000)
  region size 2048K, 12 young (24576K), 2 survivors (4096K)
 Metaspace       used 34591K, committed 34752K, reserved 1081344K
  class space    used 4078K, committed 4160K, reserved 1048576K
}
Event: 9.748 GC heap after
{Heap after GC invocations=7 (full 0):
 garbage-first heap   total 69632K, used 20902K [0x0000000701400000, 0x0000000800000000)
  region size 2048K, 1 young (2048K), 1 survivors (2048K)
 Metaspace       used 34591K, committed 34752K, reserved 1081344K
  class space    used 4078K, committed 4160K, reserved 1048576K
}
Event: 11.398 GC heap before
{Heap before GC invocations=7 (full 0):
 garbage-first heap   total 69632K, used 43430K [0x0000000701400000, 0x0000000800000000)
  region size 2048K, 4 young (8192K), 1 survivors (2048K)
 Metaspace       used 35737K, committed 35968K, reserved 1081344K
  class space    used 4242K, committed 4352K, reserved 1048576K
}
Event: 11.400 GC heap after
{Heap after GC invocations=8 (full 0):
 garbage-first heap   total 69632K, used 39509K [0x0000000701400000, 0x0000000800000000)
  region size 2048K, 1 young (2048K), 1 survivors (2048K)
 Metaspace       used 35737K, committed 35968K, reserved 1081344K
  class space    used 4242K, committed 4352K, reserved 1048576K
}
Event: 18.970 GC heap before
{Heap before GC invocations=9 (full 0):
 garbage-first heap   total 75776K, used 49749K [0x0000000701400000, 0x0000000800000000)
  region size 2048K, 6 young (12288K), 1 survivors (2048K)
 Metaspace       used 37510K, committed 37824K, reserved 1089536K
  class space    used 4475K, committed 4608K, reserved 1048576K
}
Event: 18.973 GC heap after
{Heap after GC invocations=10 (full 0):
 garbage-first heap   total 75776K, used 40993K [0x0000000701400000, 0x0000000800000000)
  region size 2048K, 1 young (2048K), 1 survivors (2048K)
 Metaspace       used 37510K, committed 37824K, reserved 1089536K
  class space    used 4475K, committed 4608K, reserved 1048576K
}
Event: 63.119 GC heap before
{Heap before GC invocations=10 (full 0):
 garbage-first heap   total 75776K, used 55329K [0x0000000701400000, 0x0000000800000000)
  region size 2048K, 9 young (18432K), 1 survivors (2048K)
 Metaspace       used 38178K, committed 38400K, reserved 1089536K
  class space    used 4514K, committed 4608K, reserved 1048576K
}
Event: 63.122 GC heap after
{Heap after GC invocations=11 (full 0):
 garbage-first heap   total 75776K, used 41062K [0x0000000701400000, 0x0000000800000000)
  region size 2048K, 1 young (2048K), 1 survivors (2048K)
 Metaspace       used 38178K, committed 38400K, reserved 1089536K
  class space    used 4514K, committed 4608K, reserved 1048576K
}

