# JRE version: OpenJDK Runtime Environment Temurin-17.0.2+8 (17.0.2+8) (build 17.0.2+8)
# Java VM: OpenJDK 64-Bit Server VM Temurin-17.0.2+8 (17.0.2+8, mixed mode, tiered, compressed oops, compressed class ptrs, g1 gc, windows-amd64)
GC Precious Log:
 CPUs: 4 total, 4 available
 Memory: 16302M
 Large Page Support: Disabled
 NUMA Support: Disabled
 Compressed Oops: Enabled (Zero based)
 Heap Region Size: 2M
 Heap Min Capacity: 8M
 Heap Initial Capacity: 256M
 Heap Max Capacity: 4076M
 Pre-touch: Disabled
 Parallel Workers: 4
 Concurrent Workers: 1
 Concurrent Refinement Workers: 4
 Periodic GC: Disabled
Heap:
 garbage-first heap   total 75776K, used 49471K [0x0000000701400000, 0x0000000800000000)
  region size 2048K, 6 young (12288K), 1 survivors (2048K)
 Metaspace       used 38542K, committed 38784K, reserved 1089536K
  class space    used 4533K, committed 4672K, reserved 1048576K
GC Heap History (20 events):
Event: 4.560 GC heap before
{Heap before GC invocations=0 (full 0):
 garbage-first heap   total 262144K, used 10240K [0x0000000701400000, 0x0000000800000000)
  region size 2048K, 6 young (12288K), 0 survivors (0K)
 Metaspace       used 4936K, committed 4992K, reserved 1056768K
  class space    used 395K, committed 448K, reserved 1048576K
}
Event: 4.563 GC heap after
{Heap after GC invocations=1 (full 0):
 garbage-first heap   total 262144K, used 7655K [0x0000000701400000, 0x0000000800000000)
  region size 2048K, 1 young (2048K), 1 survivors (2048K)
 Metaspace       used 4936K, committed 4992K, reserved 1056768K
  class space    used 395K, committed 448K, reserved 1048576K
}
Event: 5.373 GC heap before
{Heap before GC invocations=1 (full 0):
 garbage-first heap   total 262144K, used 17895K [0x0000000701400000, 0x0000000800000000)
  region size 2048K, 6 young (12288K), 1 survivors (2048K)
 Metaspace       used 10521K, committed 10688K, reserved 1064960K
  class space    used 941K, committed 1024K, reserved 1048576K
}
Event: 5.374 GC heap after
{Heap after GC invocations=2 (full 0):
 garbage-first heap   total 262144K, used 10542K [0x0000000701400000, 0x0000000800000000)
  region size 2048K, 1 young (2048K), 1 survivors (2048K)
 Metaspace       used 10521K, committed 10688K, reserved 1064960K
  class space    used 941K, committed 1024K, reserved 1048576K
}
Event: 5.837 GC heap before
{Heap before GC invocations=2 (full 0):
 garbage-first heap   total 262144K, used 24878K [0x0000000701400000, 0x0000000800000000)
  region size 2048K, 8 young (16384K), 1 survivors (2048K)
 Metaspace       used 14275K, committed 14400K, reserved 1064960K
  class space    used 1412K, committed 1472K, reserved 1048576K
}
Event: 5.839 GC heap after
{Heap after GC invocations=3 (full 0):
 garbage-first heap   total 262144K, used 12153K [0x0000000701400000, 0x0000000800000000)
  region size 2048K, 1 young (2048K), 1 survivors (2048K)
 Metaspace       used 14275K, committed 14400K, reserved 1064960K
  class space    used 1412K, committed 1472K, reserved 1048576K
}
Event: 6.921 GC heap before
{Heap before GC invocations=3 (full 0):
 garbage-first heap   total 262144K, used 40825K [0x0000000701400000, 0x0000000800000000)
  region size 2048K, 16 young (32768K), 1 survivors (2048K)
 Metaspace       used 21322K, committed 21504K, reserved 1073152K
  class space    used 2292K, committed 2432K, reserved 1048576K
}
Event: 6.926 GC heap after
{Heap after GC invocations=4 (full 0):
 garbage-first heap   total 262144K, used 15634K [0x0000000701400000, 0x0000000800000000)
  region size 2048K, 3 young (6144K), 3 survivors (6144K)
 Metaspace       used 21322K, committed 21504K, reserved 1073152K
  class space    used 2292K, committed 2432K, reserved 1048576K
}
Event: 8.887 GC heap before
{Heap before GC invocations=5 (full 0):
 garbage-first heap   total 69632K, used 50450K [0x0000000701400000, 0x0000000800000000)
  region size 2048K, 20 young (40960K), 3 survivors (6144K)
 Metaspace       used 30107K, committed 30336K, reserved 1081344K
  class space    used 3402K, committed 3520K, reserved 1048576K
}
Event: 8.894 GC heap after
{Heap after GC invocations=6 (full 0):
 garbage-first heap   total 69632K, used 19918K [0x0000000701400000, 0x0000000800000000)
  region size 2048K, 3 young (6144K), 3 survivors (6144K)
 Metaspace       used 30107K, committed 30336K, reserved 1081344K
  class space    used 3402K, committed 3520K, reserved 1048576K
}
Event: 8.943 GC heap before
{Heap before GC invocations=6 (full 0):
 garbage-first heap   total 69632K, used 21966K [0x0000000701400000, 0x0000000800000000)
  region size 2048K, 4 young (8192K), 3 survivors (6144K)
 Metaspace       used 30491K, committed 30720K, reserved 1081344K
  class space    used 3460K, committed 3584K, reserved 1048576K
}
Event: 8.946 GC heap after
{Heap after GC invocations=7 (full 0):
 garbage-first heap   total 69632K, used 20183K [0x0000000701400000, 0x0000000800000000)
  region size 2048K, 1 young (2048K), 1 survivors (2048K)
 Metaspace       used 30491K, committed 30720K, reserved 1081344K
  class space    used 3460K, committed 3584K, reserved 1048576K
}
Event: 9.829 GC heap before
{Heap before GC invocations=7 (full 0):
 garbage-first heap   total 69632K, used 34519K [0x0000000701400000, 0x0000000800000000)
  region size 2048K, 10 young (20480K), 1 survivors (2048K)
 Metaspace       used 34618K, committed 34816K, reserved 1081344K
  class space    used 4081K, committed 4160K, reserved 1048576K
}
Event: 9.831 GC heap after
{Heap after GC invocations=8 (full 0):
 garbage-first heap   total 69632K, used 20793K [0x0000000701400000, 0x0000000800000000)
  region size 2048K, 1 young (2048K), 1 survivors (2048K)
 Metaspace       used 34618K, committed 34816K, reserved 1081344K
  class space    used 4081K, committed 4160K, reserved 1048576K
}
Event: 11.786 GC heap before
{Heap before GC invocations=8 (full 0):
 garbage-first heap   total 69632K, used 43321K [0x0000000701400000, 0x0000000800000000)
  region size 2048K, 4 young (8192K), 1 survivors (2048K)
 Metaspace       used 35699K, committed 35968K, reserved 1081344K
  class space    used 4240K, committed 4416K, reserved 1048576K
}
Event: 11.788 GC heap after
{Heap after GC invocations=9 (full 0):
 garbage-first heap   total 69632K, used 39510K [0x0000000701400000, 0x0000000800000000)
  region size 2048K, 1 young (2048K), 1 survivors (2048K)
 Metaspace       used 35699K, committed 35968K, reserved 1081344K
  class space    used 4240K, committed 4416K, reserved 1048576K
}
Event: 26.972 GC heap before
{Heap before GC invocations=10 (full 0):
 garbage-first heap   total 71680K, used 49750K [0x0000000701400000, 0x0000000800000000)
  region size 2048K, 7 young (14336K), 1 survivors (2048K)
 Metaspace       used 37761K, committed 38016K, reserved 1089536K
  class space    used 4499K, committed 4608K, reserved 1048576K
}
Event: 26.974 GC heap after
{Heap after GC invocations=11 (full 0):
 garbage-first heap   total 71680K, used 41045K [0x0000000701400000, 0x0000000800000000)
  region size 2048K, 1 young (2048K), 1 survivors (2048K)
 Metaspace       used 37761K, committed 38016K, reserved 1089536K
  class space    used 4499K, committed 4608K, reserved 1048576K
}
Event: 47.778 GC heap before
{Heap before GC invocations=12 (full 0):
 garbage-first heap   total 75776K, used 51285K [0x0000000701400000, 0x0000000800000000)
  region size 2048K, 7 young (14336K), 1 survivors (2048K)
 Metaspace       used 38172K, committed 38464K, reserved 1089536K
  class space    used 4518K, committed 4672K, reserved 1048576K
}
Event: 47.781 GC heap after
{Heap after GC invocations=13 (full 0):
 garbage-first heap   total 75776K, used 41279K [0x0000000701400000, 0x0000000800000000)
  region size 2048K, 1 young (2048K), 1 survivors (2048K)
 Metaspace       used 38172K, committed 38464K, reserved 1089536K
  class space    used 4518K, committed 4672K, reserved 1048576K
}

