<?xml version="1.0" encoding="UTF-8" standalone="no"?>
<testsuite failures="1" name="cucumber.runtime.formatter.JUnitFormatter" skipped="0" tests="1" time="58.379141">
<testcase classname="To Verify My Profile Page" name="To verify Saved information is displayed properly on personal information page" time="58.379141">
<failure message="org.openqa.selenium.ElementClickInterceptedException: element click intercepted: Element &lt;button _ngcontent-seo-c306=&quot;&quot; class=&quot;exela-primary-btn w-100&quot;&gt;...&lt;/button&gt; is not clickable at point (345, 777). Other element would receive the click: &lt;div _ngcontent-seo-c292=&quot;&quot; id=&quot;loader&quot;&gt;...&lt;/div&gt;&#10;  (Session info: chrome=105.0.5195.102)&#10;Build info: version: '4.1.1', revision: 'e8fcc2cecf'&#10;System info: host: 'INMH-PN-DT4253', ip: '192.168.1.9', os.name: 'Windows 10', os.arch: 'amd64', os.version: '10.0', java.version: '1.8.0_202'&#10;Driver info: org.openqa.selenium.chrome.ChromeDriver&#10;Command: [27318987d3da2e1c3329485f570855e3, clickElement {id=d117d8ca-8808-4e03-94e7-62df8d003a2c}]&#10;Capabilities {acceptInsecureCerts: true, browserName: chrome, browserVersion: 105.0.5195.102, chrome: {chromedriverVersion: 105.0.5195.52 (412c95e51883..., userDataDir: C:\Users\SIDDHA~1.IN\AppDat...}, goog:chromeOptions: {debuggerAddress: localhost:54572}, javascriptEnabled: true, networkConnectionEnabled: false, pageLoadStrategy: normal, platform: WINDOWS, platformName: WINDOWS, proxy: Proxy(), se:cdp: ws://localhost:54572/devtoo..., se:cdpVersion: 105.0.5195.102, setWindowRect: true, strictFileInteractability: false, timeouts: {implicit: 0, pageLoad: 300000, script: 30000}, unhandledPromptBehavior: accept, webauthn:extension:credBlob: true, webauthn:extension:largeBlob: true, webauthn:virtualAuthenticators: true}&#10;Element: [[ChromeDriver: chrome on WINDOWS (27318987d3da2e1c3329485f570855e3)] -&gt; xpath: //button[text()=' Continue With Free Version ']]&#10;Session ID: 27318987d3da2e1c3329485f570855e3&#13;&#10;&#9;at sun.reflect.NativeConstructorAccessorImpl.newInstance0(Native Method)&#13;&#10;&#9;at sun.reflect.NativeConstructorAccessorImpl.newInstance(NativeConstructorAccessorImpl.java:62)&#13;&#10;&#9;at sun.reflect.DelegatingConstructorAccessorImpl.newInstance(DelegatingConstructorAccessorImpl.java:45)&#13;&#10;&#9;at java.lang.reflect.Constructor.newInstance(Constructor.java:423)&#13;&#10;&#9;at org.openqa.selenium.remote.codec.w3c.W3CHttpResponseCodec.createException(W3CHttpResponseCodec.java:200)&#13;&#10;&#9;at org.openqa.selenium.remote.codec.w3c.W3CHttpResponseCodec.decode(W3CHttpResponseCodec.java:133)&#13;&#10;&#9;at org.openqa.selenium.remote.codec.w3c.W3CHttpResponseCodec.decode(W3CHttpResponseCodec.java:53)&#13;&#10;&#9;at org.openqa.selenium.remote.HttpCommandExecutor.execute(HttpCommandExecutor.java:184)&#13;&#10;&#9;at org.openqa.selenium.remote.service.DriverCommandExecutor.invokeExecute(DriverCommandExecutor.java:167)&#13;&#10;&#9;at org.openqa.selenium.remote.service.DriverCommandExecutor.execute(DriverCommandExecutor.java:142)&#13;&#10;&#9;at org.openqa.selenium.remote.RemoteWebDriver.execute(RemoteWebDriver.java:543)&#13;&#10;&#9;at org.openqa.selenium.remote.RemoteWebElement.execute(RemoteWebElement.java:251)&#13;&#10;&#9;at org.openqa.selenium.remote.RemoteWebElement.click(RemoteWebElement.java:77)&#13;&#10;&#9;at sun.reflect.NativeMethodAccessorImpl.invoke0(Native Method)&#13;&#10;&#9;at sun.reflect.NativeMethodAccessorImpl.invoke(NativeMethodAccessorImpl.java:62)&#13;&#10;&#9;at sun.reflect.DelegatingMethodAccessorImpl.invoke(DelegatingMethodAccessorImpl.java:43)&#13;&#10;&#9;at java.lang.reflect.Method.invoke(Method.java:498)&#13;&#10;&#9;at org.openqa.selenium.support.pagefactory.internal.LocatingElementHandler.invoke(LocatingElementHandler.java:52)&#13;&#10;&#9;at com.sun.proxy.$Proxy38.click(Unknown Source)&#13;&#10;&#9;at framework.Elements.click(Elements.java:221)&#13;&#10;&#9;at stepDefinitions.USAMobileNoMandate.user_click_on_continue_with_free_version(USAMobileNoMandate.java:401)&#13;&#10;&#9;at ✽.user click on continue with free version(file:src/test/resources/Feature/MyProfile.feature:59)&#13;&#10;"><![CDATA[Given navigate to URL "https://drysign-dev.exela.global/#/login"............passed
When enter the user name as "sid76@mailinator.com"..........................passed
When enter the password as"Malin@555".......................................passed
And user click on the Login button..........................................passed
And user click on continue with free version................................failed
When user click on profile icon.............................................skipped
Then user should display personal information...............................skipped
Then user click on edit button..............................................skipped
Then user click on save button..............................................skipped
Then pop up Get display as "Successfully Updated."..........................skipped
Then following details get display..........................................skipped

StackTrace:
org.openqa.selenium.ElementClickInterceptedException: element click intercepted: Element <button _ngcontent-seo-c306="" class="exela-primary-btn w-100">...</button> is not clickable at point (345, 777). Other element would receive the click: <div _ngcontent-seo-c292="" id="loader">...</div>
  (Session info: chrome=105.0.5195.102)
Build info: version: '4.1.1', revision: 'e8fcc2cecf'
System info: host: 'INMH-PN-DT4253', ip: '192.168.1.9', os.name: 'Windows 10', os.arch: 'amd64', os.version: '10.0', java.version: '1.8.0_202'
Driver info: org.openqa.selenium.chrome.ChromeDriver
Command: [27318987d3da2e1c3329485f570855e3, clickElement {id=d117d8ca-8808-4e03-94e7-62df8d003a2c}]
Capabilities {acceptInsecureCerts: true, browserName: chrome, browserVersion: 105.0.5195.102, chrome: {chromedriverVersion: 105.0.5195.52 (412c95e51883..., userDataDir: C:\Users\SIDDHA~1.IN\AppDat...}, goog:chromeOptions: {debuggerAddress: localhost:54572}, javascriptEnabled: true, networkConnectionEnabled: false, pageLoadStrategy: normal, platform: WINDOWS, platformName: WINDOWS, proxy: Proxy(), se:cdp: ws://localhost:54572/devtoo..., se:cdpVersion: 105.0.5195.102, setWindowRect: true, strictFileInteractability: false, timeouts: {implicit: 0, pageLoad: 300000, script: 30000}, unhandledPromptBehavior: accept, webauthn:extension:credBlob: true, webauthn:extension:largeBlob: true, webauthn:virtualAuthenticators: true}
Element: [[ChromeDriver: chrome on WINDOWS (27318987d3da2e1c3329485f570855e3)] -> xpath: //button[text()=' Continue With Free Version ']]
Session ID: 27318987d3da2e1c3329485f570855e3
	at sun.reflect.NativeConstructorAccessorImpl.newInstance0(Native Method)
	at sun.reflect.NativeConstructorAccessorImpl.newInstance(NativeConstructorAccessorImpl.java:62)
	at sun.reflect.DelegatingConstructorAccessorImpl.newInstance(DelegatingConstructorAccessorImpl.java:45)
	at java.lang.reflect.Constructor.newInstance(Constructor.java:423)
	at org.openqa.selenium.remote.codec.w3c.W3CHttpResponseCodec.createException(W3CHttpResponseCodec.java:200)
	at org.openqa.selenium.remote.codec.w3c.W3CHttpResponseCodec.decode(W3CHttpResponseCodec.java:133)
	at org.openqa.selenium.remote.codec.w3c.W3CHttpResponseCodec.decode(W3CHttpResponseCodec.java:53)
	at org.openqa.selenium.remote.HttpCommandExecutor.execute(HttpCommandExecutor.java:184)
	at org.openqa.selenium.remote.service.DriverCommandExecutor.invokeExecute(DriverCommandExecutor.java:167)
	at org.openqa.selenium.remote.service.DriverCommandExecutor.execute(DriverCommandExecutor.java:142)
	at org.openqa.selenium.remote.RemoteWebDriver.execute(RemoteWebDriver.java:543)
	at org.openqa.selenium.remote.RemoteWebElement.execute(RemoteWebElement.java:251)
	at org.openqa.selenium.remote.RemoteWebElement.click(RemoteWebElement.java:77)
	at sun.reflect.NativeMethodAccessorImpl.invoke0(Native Method)
	at sun.reflect.NativeMethodAccessorImpl.invoke(NativeMethodAccessorImpl.java:62)
	at sun.reflect.DelegatingMethodAccessorImpl.invoke(DelegatingMethodAccessorImpl.java:43)
	at java.lang.reflect.Method.invoke(Method.java:498)
	at org.openqa.selenium.support.pagefactory.internal.LocatingElementHandler.invoke(LocatingElementHandler.java:52)
	at com.sun.proxy.$Proxy38.click(Unknown Source)
	at framework.Elements.click(Elements.java:221)
	at stepDefinitions.USAMobileNoMandate.user_click_on_continue_with_free_version(USAMobileNoMandate.java:401)
	at ✽.user click on continue with free version(file:src/test/resources/Feature/MyProfile.feature:59)
]]></failure>
</testcase>
</testsuite>
