<?xml version="1.0" encoding="UTF-8" standalone="no"?>
<testsuite failures="1" name="cucumber.runtime.formatter.JUnitFormatter" skipped="0" tests="1" time="112.429381">
<testcase classname="To Verify Dashboard" name="To Verify Subscribed Register user is able to Purchase the higher plan then the exisiting plan successfully through Upgrade Plan button present on View Plan pop-up" time="112.429381">
<failure message="org.openqa.selenium.TimeoutException: Expected condition failed: waiting for element to be clickable: Proxy element for: DefaultElementLocator 'By.xpath: //button[text()='Login']' (tried for 30 second(s) with 500 milliseconds interval)&#13;&#10;&#9;at org.openqa.selenium.support.ui.WebDriverWait.timeoutException(WebDriverWait.java:138)&#13;&#10;&#9;at org.openqa.selenium.support.ui.FluentWait.until(FluentWait.java:231)&#13;&#10;&#9;at framework.Waits.waitUntilElementToClick(Waits.java:49)&#13;&#10;&#9;at stepDefinitions.AutoRenewal.user_click_on_the_Login_Button(AutoRenewal.java:73)&#13;&#10;&#9;at ✽.user click on the Login Button(file:src/test/resources/Feature/Dashboard.feature:115)&#13;&#10;Caused by: org.openqa.selenium.NoSuchElementException: no such element: Unable to locate element: {&quot;method&quot;:&quot;xpath&quot;,&quot;selector&quot;:&quot;//button[text()='Login']&quot;}&#10;  (Session info: chrome=105.0.5195.128)&#10;For documentation on this error, please visit: https://selenium.dev/exceptions/#no_such_element&#10;Build info: version: '4.1.1', revision: 'e8fcc2cecf'&#10;System info: host: 'INMH-PN-DT4253', ip: '192.168.108.194', os.name: 'Windows 10', os.arch: 'amd64', os.version: '10.0', java.version: '1.8.0_202'&#10;Driver info: org.openqa.selenium.chrome.ChromeDriver&#10;Command: [9581cd1c31afc6f281268169b8cbd2b6, findElement {using=xpath, value=//button[text()='Login']}]&#10;Capabilities {acceptInsecureCerts: true, browserName: chrome, browserVersion: 105.0.5195.128, chrome: {chromedriverVersion: 105.0.5195.52 (412c95e51883..., userDataDir: C:\Users\SIDDHA~1.IN\AppDat...}, goog:chromeOptions: {debuggerAddress: localhost:57838}, javascriptEnabled: true, networkConnectionEnabled: false, pageLoadStrategy: normal, platform: WINDOWS, platformName: WINDOWS, proxy: Proxy(), se:cdp: ws://localhost:57838/devtoo..., se:cdpVersion: 105.0.5195.128, setWindowRect: true, strictFileInteractability: false, timeouts: {implicit: 0, pageLoad: 300000, script: 30000}, unhandledPromptBehavior: accept, webauthn:extension:credBlob: true, webauthn:extension:largeBlob: true, webauthn:virtualAuthenticators: true}&#10;Session ID: 9581cd1c31afc6f281268169b8cbd2b6&#13;&#10;&#9;at sun.reflect.GeneratedConstructorAccessor26.newInstance(Unknown Source)&#13;&#10;&#9;at sun.reflect.DelegatingConstructorAccessorImpl.newInstance(DelegatingConstructorAccessorImpl.java:45)&#13;&#10;&#9;at java.lang.reflect.Constructor.newInstance(Constructor.java:423)&#13;&#10;&#9;at org.openqa.selenium.remote.codec.w3c.W3CHttpResponseCodec.createException(W3CHttpResponseCodec.java:200)&#13;&#10;&#9;at org.openqa.selenium.remote.codec.w3c.W3CHttpResponseCodec.decode(W3CHttpResponseCodec.java:133)&#13;&#10;&#9;at org.openqa.selenium.remote.codec.w3c.W3CHttpResponseCodec.decode(W3CHttpResponseCodec.java:53)&#13;&#10;&#9;at org.openqa.selenium.remote.HttpCommandExecutor.execute(HttpCommandExecutor.java:184)&#13;&#10;&#9;at org.openqa.selenium.remote.service.DriverCommandExecutor.invokeExecute(DriverCommandExecutor.java:167)&#13;&#10;&#9;at org.openqa.selenium.remote.service.DriverCommandExecutor.execute(DriverCommandExecutor.java:142)&#13;&#10;&#9;at org.openqa.selenium.remote.RemoteWebDriver.execute(RemoteWebDriver.java:543)&#13;&#10;&#9;at org.openqa.selenium.remote.ElementLocation$ElementFinder$2.findElement(ElementLocation.java:162)&#13;&#10;&#9;at org.openqa.selenium.remote.ElementLocation.findElement(ElementLocation.java:60)&#13;&#10;&#9;at org.openqa.selenium.remote.RemoteWebDriver.findElement(RemoteWebDriver.java:367)&#13;&#10;&#9;at org.openqa.selenium.remote.RemoteWebDriver.findElement(RemoteWebDriver.java:359)&#13;&#10;&#9;at org.openqa.selenium.support.pagefactory.DefaultElementLocator.findElement(DefaultElementLocator.java:70)&#13;&#10;&#9;at org.openqa.selenium.support.pagefactory.internal.LocatingElementHandler.invoke(LocatingElementHandler.java:39)&#13;&#10;&#9;at com.sun.proxy.$Proxy38.isDisplayed(Unknown Source)&#13;&#10;&#9;at org.openqa.selenium.support.ui.ExpectedConditions.elementIfVisible(ExpectedConditions.java:307)&#13;&#10;&#9;at org.openqa.selenium.support.ui.ExpectedConditions.access$000(ExpectedConditions.java:40)&#13;&#10;&#9;at org.openqa.selenium.support.ui.ExpectedConditions$10.apply(ExpectedConditions.java:293)&#13;&#10;&#9;at org.openqa.selenium.support.ui.ExpectedConditions$10.apply(ExpectedConditions.java:290)&#13;&#10;&#9;at org.openqa.selenium.support.ui.ExpectedConditions$23.apply(ExpectedConditions.java:660)&#13;&#10;&#9;at org.openqa.selenium.support.ui.ExpectedConditions$23.apply(ExpectedConditions.java:656)&#13;&#10;&#9;at org.openqa.selenium.support.ui.FluentWait.until(FluentWait.java:208)&#13;&#10;&#9;at framework.Waits.waitUntilElementToClick(Waits.java:49)&#13;&#10;&#9;at stepDefinitions.AutoRenewal.user_click_on_the_Login_Button(AutoRenewal.java:73)&#13;&#10;&#9;at sun.reflect.NativeMethodAccessorImpl.invoke0(Native Method)&#13;&#10;&#9;at sun.reflect.NativeMethodAccessorImpl.invoke(NativeMethodAccessorImpl.java:62)&#13;&#10;&#9;at sun.reflect.DelegatingMethodAccessorImpl.invoke(DelegatingMethodAccessorImpl.java:43)&#13;&#10;&#9;at java.lang.reflect.Method.invoke(Method.java:498)&#13;&#10;&#9;at cucumber.runtime.Utils$1.call(Utils.java:26)&#13;&#10;&#9;at cucumber.runtime.Timeout.timeout(Timeout.java:16)&#13;&#10;&#9;at cucumber.runtime.Utils.invoke(Utils.java:20)&#13;&#10;&#9;at cucumber.runtime.java.JavaStepDefinition.execute(JavaStepDefinition.java:57)&#13;&#10;&#9;at cucumber.runner.PickleStepDefinitionMatch.runStep(PickleStepDefinitionMatch.java:50)&#13;&#10;&#9;at cucumber.runner.TestStep.executeStep(TestStep.java:65)&#13;&#10;&#9;at cucumber.runner.TestStep.run(TestStep.java:50)&#13;&#10;&#9;at cucumber.runner.PickleStepTestStep.run(PickleStepTestStep.java:43)&#13;&#10;&#9;at cucumber.runner.TestCase.run(TestCase.java:46)&#13;&#10;&#9;at cucumber.runner.Runner.runPickle(Runner.java:50)&#13;&#10;&#9;at io.cucumber.junit.PickleRunners$NoStepDescriptions.run(PickleRunners.java:146)&#13;&#10;&#9;at io.cucumber.junit.FeatureRunner.runChild(FeatureRunner.java:68)&#13;&#10;&#9;at io.cucumber.junit.FeatureRunner.runChild(FeatureRunner.java:23)&#13;&#10;&#9;at org.junit.runners.ParentRunner$4.run(ParentRunner.java:331)&#13;&#10;&#9;at org.junit.runners.ParentRunner$1.schedule(ParentRunner.java:79)&#13;&#10;&#9;at org.junit.runners.ParentRunner.runChildren(ParentRunner.java:329)&#13;&#10;&#9;at org.junit.runners.ParentRunner.access$100(ParentRunner.java:66)&#13;&#10;&#9;at org.junit.runners.ParentRunner$2.evaluate(ParentRunner.java:293)&#13;&#10;&#9;at org.junit.runners.ParentRunner$3.evaluate(ParentRunner.java:306)&#13;&#10;&#9;at org.junit.runners.ParentRunner.run(ParentRunner.java:413)&#13;&#10;&#9;at io.cucumber.junit.Cucumber.runChild(Cucumber.java:144)&#13;&#10;&#9;at io.cucumber.junit.Cucumber.runChild(Cucumber.java:65)&#13;&#10;&#9;at org.junit.runners.ParentRunner$4.run(ParentRunner.java:331)&#13;&#10;&#9;at org.junit.runners.ParentRunner$1.schedule(ParentRunner.java:79)&#13;&#10;&#9;at org.junit.runners.ParentRunner.runChildren(ParentRunner.java:329)&#13;&#10;&#9;at org.junit.runners.ParentRunner.access$100(ParentRunner.java:66)&#13;&#10;&#9;at org.junit.runners.ParentRunner$2.evaluate(ParentRunner.java:293)&#13;&#10;&#9;at io.cucumber.junit.Cucumber$RunCucumber.evaluate(Cucumber.java:174)&#13;&#10;&#9;at org.junit.runners.ParentRunner$3.evaluate(ParentRunner.java:306)&#13;&#10;&#9;at org.junit.runners.ParentRunner.run(ParentRunner.java:413)&#13;&#10;&#9;at org.junit.runner.JUnitCore.run(JUnitCore.java:137)&#13;&#10;&#9;at org.junit.runner.JUnitCore.run(JUnitCore.java:115)&#13;&#10;&#9;at org.junit.vintage.engine.execution.RunnerExecutor.execute(RunnerExecutor.java:42)&#13;&#10;&#9;at org.junit.vintage.engine.VintageTestEngine.executeAllChildren(VintageTestEngine.java:80)&#13;&#10;&#9;at org.junit.vintage.engine.VintageTestEngine.execute(VintageTestEngine.java:72)&#13;&#10;&#9;at org.junit.platform.launcher.core.EngineExecutionOrchestrator.execute(EngineExecutionOrchestrator.java:107)&#13;&#10;&#9;at org.junit.platform.launcher.core.EngineExecutionOrchestrator.execute(EngineExecutionOrchestrator.java:88)&#13;&#10;&#9;at org.junit.platform.launcher.core.EngineExecutionOrchestrator.lambda$execute$0(EngineExecutionOrchestrator.java:54)&#13;&#10;&#9;at org.junit.platform.launcher.core.EngineExecutionOrchestrator.withInterceptedStreams(EngineExecutionOrchestrator.java:67)&#13;&#10;&#9;at org.junit.platform.launcher.core.EngineExecutionOrchestrator.execute(EngineExecutionOrchestrator.java:52)&#13;&#10;&#9;at org.junit.platform.launcher.core.DefaultLauncher.execute(DefaultLauncher.java:114)&#13;&#10;&#9;at org.junit.platform.launcher.core.DefaultLauncher.execute(DefaultLauncher.java:95)&#13;&#10;&#9;at org.junit.platform.launcher.core.DefaultLauncherSession$DelegatingLauncher.execute(DefaultLauncherSession.java:91)&#13;&#10;&#9;at org.junit.platform.launcher.core.SessionPerRequestLauncher.execute(SessionPerRequestLauncher.java:60)&#13;&#10;&#9;at org.eclipse.jdt.internal.junit5.runner.JUnit5TestReference.run(JUnit5TestReference.java:98)&#13;&#10;&#9;at org.eclipse.jdt.internal.junit.runner.TestExecution.run(TestExecution.java:40)&#13;&#10;&#9;at org.eclipse.jdt.internal.junit.runner.RemoteTestRunner.runTests(RemoteTestRunner.java:529)&#13;&#10;&#9;at org.eclipse.jdt.internal.junit.runner.RemoteTestRunner.runTests(RemoteTestRunner.java:756)&#13;&#10;&#9;at org.eclipse.jdt.internal.junit.runner.RemoteTestRunner.run(RemoteTestRunner.java:452)&#13;&#10;&#9;at org.eclipse.jdt.internal.junit.runner.RemoteTestRunner.main(RemoteTestRunner.java:210)&#13;&#10;"><![CDATA[Given navigate to URL "https://drysign-dev.exela.global/#/".................passed
When enter the user name as "sid06@mailinator.com"..........................passed
When enter the password as"Malin@555".......................................passed
And user click on the Login button..........................................passed
Then user Click On upgrade plan button......................................passed
And user click on the BuyNow button.........................................passed
Then user navigate to payment page..........................................passed
And user enter name of the card as "Test"...................................passed
And enter card number as "4242424242424242".................................passed
And enter expire month as "07"..............................................passed
And enter expire year as "27"...............................................passed
And enter cvv nunber as "789"...............................................passed
Then user click on pay button...............................................passed
Then confirmation message get display as "PAYMENT CONFIRMATION".............passed
Then user click on login button.............................................passed
When enter the User name as "sid87@mailinator.com"..........................passed
When enter the Password as"Malin@555".......................................passed
And user click on the Login Button..........................................failed
Then new plan details and its related features should get Displayed.........skipped

StackTrace:
org.openqa.selenium.TimeoutException: Expected condition failed: waiting for element to be clickable: Proxy element for: DefaultElementLocator 'By.xpath: //button[text()='Login']' (tried for 30 second(s) with 500 milliseconds interval)
	at org.openqa.selenium.support.ui.WebDriverWait.timeoutException(WebDriverWait.java:138)
	at org.openqa.selenium.support.ui.FluentWait.until(FluentWait.java:231)
	at framework.Waits.waitUntilElementToClick(Waits.java:49)
	at stepDefinitions.AutoRenewal.user_click_on_the_Login_Button(AutoRenewal.java:73)
	at ✽.user click on the Login Button(file:src/test/resources/Feature/Dashboard.feature:115)
Caused by: org.openqa.selenium.NoSuchElementException: no such element: Unable to locate element: {"method":"xpath","selector":"//button[text()='Login']"}
  (Session info: chrome=105.0.5195.128)
For documentation on this error, please visit: https://selenium.dev/exceptions/#no_such_element
Build info: version: '4.1.1', revision: 'e8fcc2cecf'
System info: host: 'INMH-PN-DT4253', ip: '192.168.108.194', os.name: 'Windows 10', os.arch: 'amd64', os.version: '10.0', java.version: '1.8.0_202'
Driver info: org.openqa.selenium.chrome.ChromeDriver
Command: [9581cd1c31afc6f281268169b8cbd2b6, findElement {using=xpath, value=//button[text()='Login']}]
Capabilities {acceptInsecureCerts: true, browserName: chrome, browserVersion: 105.0.5195.128, chrome: {chromedriverVersion: 105.0.5195.52 (412c95e51883..., userDataDir: C:\Users\SIDDHA~1.IN\AppDat...}, goog:chromeOptions: {debuggerAddress: localhost:57838}, javascriptEnabled: true, networkConnectionEnabled: false, pageLoadStrategy: normal, platform: WINDOWS, platformName: WINDOWS, proxy: Proxy(), se:cdp: ws://localhost:57838/devtoo..., se:cdpVersion: 105.0.5195.128, setWindowRect: true, strictFileInteractability: false, timeouts: {implicit: 0, pageLoad: 300000, script: 30000}, unhandledPromptBehavior: accept, webauthn:extension:credBlob: true, webauthn:extension:largeBlob: true, webauthn:virtualAuthenticators: true}
Session ID: 9581cd1c31afc6f281268169b8cbd2b6
	at sun.reflect.GeneratedConstructorAccessor26.newInstance(Unknown Source)
	at sun.reflect.DelegatingConstructorAccessorImpl.newInstance(DelegatingConstructorAccessorImpl.java:45)
	at java.lang.reflect.Constructor.newInstance(Constructor.java:423)
	at org.openqa.selenium.remote.codec.w3c.W3CHttpResponseCodec.createException(W3CHttpResponseCodec.java:200)
	at org.openqa.selenium.remote.codec.w3c.W3CHttpResponseCodec.decode(W3CHttpResponseCodec.java:133)
	at org.openqa.selenium.remote.codec.w3c.W3CHttpResponseCodec.decode(W3CHttpResponseCodec.java:53)
	at org.openqa.selenium.remote.HttpCommandExecutor.execute(HttpCommandExecutor.java:184)
	at org.openqa.selenium.remote.service.DriverCommandExecutor.invokeExecute(DriverCommandExecutor.java:167)
	at org.openqa.selenium.remote.service.DriverCommandExecutor.execute(DriverCommandExecutor.java:142)
	at org.openqa.selenium.remote.RemoteWebDriver.execute(RemoteWebDriver.java:543)
	at org.openqa.selenium.remote.ElementLocation$ElementFinder$2.findElement(ElementLocation.java:162)
	at org.openqa.selenium.remote.ElementLocation.findElement(ElementLocation.java:60)
	at org.openqa.selenium.remote.RemoteWebDriver.findElement(RemoteWebDriver.java:367)
	at org.openqa.selenium.remote.RemoteWebDriver.findElement(RemoteWebDriver.java:359)
	at org.openqa.selenium.support.pagefactory.DefaultElementLocator.findElement(DefaultElementLocator.java:70)
	at org.openqa.selenium.support.pagefactory.internal.LocatingElementHandler.invoke(LocatingElementHandler.java:39)
	at com.sun.proxy.$Proxy38.isDisplayed(Unknown Source)
	at org.openqa.selenium.support.ui.ExpectedConditions.elementIfVisible(ExpectedConditions.java:307)
	at org.openqa.selenium.support.ui.ExpectedConditions.access$000(ExpectedConditions.java:40)
	at org.openqa.selenium.support.ui.ExpectedConditions$10.apply(ExpectedConditions.java:293)
	at org.openqa.selenium.support.ui.ExpectedConditions$10.apply(ExpectedConditions.java:290)
	at org.openqa.selenium.support.ui.ExpectedConditions$23.apply(ExpectedConditions.java:660)
	at org.openqa.selenium.support.ui.ExpectedConditions$23.apply(ExpectedConditions.java:656)
	at org.openqa.selenium.support.ui.FluentWait.until(FluentWait.java:208)
	at framework.Waits.waitUntilElementToClick(Waits.java:49)
	at stepDefinitions.AutoRenewal.user_click_on_the_Login_Button(AutoRenewal.java:73)
	at sun.reflect.NativeMethodAccessorImpl.invoke0(Native Method)
	at sun.reflect.NativeMethodAccessorImpl.invoke(NativeMethodAccessorImpl.java:62)
	at sun.reflect.DelegatingMethodAccessorImpl.invoke(DelegatingMethodAccessorImpl.java:43)
	at java.lang.reflect.Method.invoke(Method.java:498)
	at cucumber.runtime.Utils$1.call(Utils.java:26)
	at cucumber.runtime.Timeout.timeout(Timeout.java:16)
	at cucumber.runtime.Utils.invoke(Utils.java:20)
	at cucumber.runtime.java.JavaStepDefinition.execute(JavaStepDefinition.java:57)
	at cucumber.runner.PickleStepDefinitionMatch.runStep(PickleStepDefinitionMatch.java:50)
	at cucumber.runner.TestStep.executeStep(TestStep.java:65)
	at cucumber.runner.TestStep.run(TestStep.java:50)
	at cucumber.runner.PickleStepTestStep.run(PickleStepTestStep.java:43)
	at cucumber.runner.TestCase.run(TestCase.java:46)
	at cucumber.runner.Runner.runPickle(Runner.java:50)
	at io.cucumber.junit.PickleRunners$NoStepDescriptions.run(PickleRunners.java:146)
	at io.cucumber.junit.FeatureRunner.runChild(FeatureRunner.java:68)
	at io.cucumber.junit.FeatureRunner.runChild(FeatureRunner.java:23)
	at org.junit.runners.ParentRunner$4.run(ParentRunner.java:331)
	at org.junit.runners.ParentRunner$1.schedule(ParentRunner.java:79)
	at org.junit.runners.ParentRunner.runChildren(ParentRunner.java:329)
	at org.junit.runners.ParentRunner.access$100(ParentRunner.java:66)
	at org.junit.runners.ParentRunner$2.evaluate(ParentRunner.java:293)
	at org.junit.runners.ParentRunner$3.evaluate(ParentRunner.java:306)
	at org.junit.runners.ParentRunner.run(ParentRunner.java:413)
	at io.cucumber.junit.Cucumber.runChild(Cucumber.java:144)
	at io.cucumber.junit.Cucumber.runChild(Cucumber.java:65)
	at org.junit.runners.ParentRunner$4.run(ParentRunner.java:331)
	at org.junit.runners.ParentRunner$1.schedule(ParentRunner.java:79)
	at org.junit.runners.ParentRunner.runChildren(ParentRunner.java:329)
	at org.junit.runners.ParentRunner.access$100(ParentRunner.java:66)
	at org.junit.runners.ParentRunner$2.evaluate(ParentRunner.java:293)
	at io.cucumber.junit.Cucumber$RunCucumber.evaluate(Cucumber.java:174)
	at org.junit.runners.ParentRunner$3.evaluate(ParentRunner.java:306)
	at org.junit.runners.ParentRunner.run(ParentRunner.java:413)
	at org.junit.runner.JUnitCore.run(JUnitCore.java:137)
	at org.junit.runner.JUnitCore.run(JUnitCore.java:115)
	at org.junit.vintage.engine.execution.RunnerExecutor.execute(RunnerExecutor.java:42)
	at org.junit.vintage.engine.VintageTestEngine.executeAllChildren(VintageTestEngine.java:80)
	at org.junit.vintage.engine.VintageTestEngine.execute(VintageTestEngine.java:72)
	at org.junit.platform.launcher.core.EngineExecutionOrchestrator.execute(EngineExecutionOrchestrator.java:107)
	at org.junit.platform.launcher.core.EngineExecutionOrchestrator.execute(EngineExecutionOrchestrator.java:88)
	at org.junit.platform.launcher.core.EngineExecutionOrchestrator.lambda$execute$0(EngineExecutionOrchestrator.java:54)
	at org.junit.platform.launcher.core.EngineExecutionOrchestrator.withInterceptedStreams(EngineExecutionOrchestrator.java:67)
	at org.junit.platform.launcher.core.EngineExecutionOrchestrator.execute(EngineExecutionOrchestrator.java:52)
	at org.junit.platform.launcher.core.DefaultLauncher.execute(DefaultLauncher.java:114)
	at org.junit.platform.launcher.core.DefaultLauncher.execute(DefaultLauncher.java:95)
	at org.junit.platform.launcher.core.DefaultLauncherSession$DelegatingLauncher.execute(DefaultLauncherSession.java:91)
	at org.junit.platform.launcher.core.SessionPerRequestLauncher.execute(SessionPerRequestLauncher.java:60)
	at org.eclipse.jdt.internal.junit5.runner.JUnit5TestReference.run(JUnit5TestReference.java:98)
	at org.eclipse.jdt.internal.junit.runner.TestExecution.run(TestExecution.java:40)
	at org.eclipse.jdt.internal.junit.runner.RemoteTestRunner.runTests(RemoteTestRunner.java:529)
	at org.eclipse.jdt.internal.junit.runner.RemoteTestRunner.runTests(RemoteTestRunner.java:756)
	at org.eclipse.jdt.internal.junit.runner.RemoteTestRunner.run(RemoteTestRunner.java:452)
	at org.eclipse.jdt.internal.junit.runner.RemoteTestRunner.main(RemoteTestRunner.java:210)
]]></failure>
</testcase>
</testsuite>
