<?xml version="1.0" encoding="UTF-8" standalone="no"?>
<testsuite failures="0" name="cucumber.runtime.formatter.JUnitFormatter" skipped="0" tests="1" time="89.97725">
<testcase classname="To Verify My Files Tabs Functionality" name="To verify that all field are displaying proper or not." time="89.97725">
<system-out><![CDATA[Given navigate to URL "https://drysign-qa.exela.global/#/"..................passed
When enter the user name as "sid39@mailinator.com"..........................passed
When enter the password as"Malin@555".......................................passed
And user click on the sign in button........................................passed
And user click on continue with free version................................passed
And user click on My Files..................................................passed
Then user get display pending tab...........................................passed
And user click on signed tab................................................passed
Then user display subject...................................................passed
Then user display document name.............................................passed
Then user display Assigned Date.............................................passed
Then date Display in format as "08/17/2022 12:01:58 AM".....................passed
Then user display requested by..............................................passed
Then user display action....................................................passed
And user click on View icon.................................................passed
Then Document should get display............................................passed
Then user click on close icon...............................................passed
When user click on Download icon............................................passed
]]></system-out>
</testcase>
</testsuite>
