<?xml version="1.0" encoding="UTF-8" standalone="no"?>
<testsuite failures="1" name="cucumber.runtime.formatter.JUnitFormatter" skipped="0" tests="1" time="97.335939">
<testcase classname="To Verify Password Protected Document can be signed" name="To verify that signatory is able to sign password protected document after delete signatory if document is priority" time="97.335939">
<failure message="java.lang.NullPointerException&#13;&#10;&#9;at org.openqa.selenium.support.ui.ExpectedConditions.elementIfVisible(ExpectedConditions.java:307)&#13;&#10;&#9;at org.openqa.selenium.support.ui.ExpectedConditions.access$000(ExpectedConditions.java:40)&#13;&#10;&#9;at org.openqa.selenium.support.ui.ExpectedConditions$10.apply(ExpectedConditions.java:293)&#13;&#10;&#9;at org.openqa.selenium.support.ui.ExpectedConditions$10.apply(ExpectedConditions.java:290)&#13;&#10;&#9;at org.openqa.selenium.support.ui.ExpectedConditions$23.apply(ExpectedConditions.java:660)&#13;&#10;&#9;at org.openqa.selenium.support.ui.ExpectedConditions$23.apply(ExpectedConditions.java:656)&#13;&#10;&#9;at org.openqa.selenium.support.ui.FluentWait.until(FluentWait.java:208)&#13;&#10;&#9;at framework.Waits.waitUntilElementToClick(Waits.java:49)&#13;&#10;&#9;at stepDefinitions.AutoRenewal.user_click_on_the_Login_button(AutoRenewal.java:20)&#13;&#10;&#9;at ✽.user click on the Login button(file:src/test/resources/Feature/PasswrdProtectedDoc.feature:226)&#13;&#10;"><![CDATA[Given user navigate to "https://www.mailinator.com/v4/public/inboxes.jsp"...passed
And User Enter email id as "sid202".........................................passed
Then user click on Go button................................................passed
Then user click on drysign..................................................passed
And user click on sign document.............................................passed
Then user correct password as "Sid@222".....................................passed
Then click on Submit button.................................................passed
And user click on check box.................................................passed
And user click on accept button.............................................passed
And user clcik on ok button present on pop up...............................passed
And user click on signature.................................................passed
And click on "TYPE".........................................................passed
Then user select the signature..............................................passed
And user click save button..................................................passed
Then use click on "finish"..................................................passed
Then successfully signed document page get display as"You have successfully signed this document.".passed
Then User navigate to URL "https://drysign-dev.exela.global/#/".............passed
When enter the user name as "sid221@mailinator.com".........................passed
When enter the password as"Malin@555".......................................passed
And user click on the Login button..........................................failed
And user click on continue with free version................................skipped
And user click on My Files..................................................skipped
And user click on out for signature tab.....................................skipped
When user click on plus icon................................................skipped
Then user click On Mat icon.................................................skipped
And user click on remove icon...............................................skipped
Then user click on confirm..................................................skipped
Then succefully remove message display as "The signatory (sid103@mailinator.com) has been removed successfully.".skipped
Then click OK button........................................................skipped
Given user navigate to "https://www.mailinator.com/v4/public/inboxes.jsp"...skipped
And user Enter email Id as "sid204".........................................skipped
Then user click on Go button................................................skipped
Then mail is not present....................................................skipped

StackTrace:
java.lang.NullPointerException
	at org.openqa.selenium.support.ui.ExpectedConditions.elementIfVisible(ExpectedConditions.java:307)
	at org.openqa.selenium.support.ui.ExpectedConditions.access$000(ExpectedConditions.java:40)
	at org.openqa.selenium.support.ui.ExpectedConditions$10.apply(ExpectedConditions.java:293)
	at org.openqa.selenium.support.ui.ExpectedConditions$10.apply(ExpectedConditions.java:290)
	at org.openqa.selenium.support.ui.ExpectedConditions$23.apply(ExpectedConditions.java:660)
	at org.openqa.selenium.support.ui.ExpectedConditions$23.apply(ExpectedConditions.java:656)
	at org.openqa.selenium.support.ui.FluentWait.until(FluentWait.java:208)
	at framework.Waits.waitUntilElementToClick(Waits.java:49)
	at stepDefinitions.AutoRenewal.user_click_on_the_Login_button(AutoRenewal.java:20)
	at ✽.user click on the Login button(file:src/test/resources/Feature/PasswrdProtectedDoc.feature:226)
]]></failure>
</testcase>
</testsuite>
