<?xml version="1.0" encoding="UTF-8" standalone="no"?>
<testsuite failures="1" name="cucumber.runtime.formatter.JUnitFormatter" skipped="0" tests="1" time="45.476993">
    <testcase classname="To Verify My Files Tabs Functionality" name="To Verify the individual column filter search functionality in My Files" time="45.476993">
        <failure message="org.openqa.selenium.InvalidElementStateException: invalid element state&#10;  (Session info: chrome=104.0.5112.81)&#10;Build info: version: '4.1.1', revision: 'e8fcc2cecf'&#10;System info: host: 'INMH-PN-DT4253', ip: '192.168.1.9', os.name: 'Windows 10', os.arch: 'amd64', os.version: '10.0', java.version: '17.0.2'&#10;Driver info: org.openqa.selenium.chrome.ChromeDriver&#10;Command: [0baae504f7db8f1022bb8f224c514d81, clearElement {id=21924aec-6df9-4d54-a586-07cf650d6edb}]&#10;Capabilities {acceptInsecureCerts: true, browserName: chrome, browserVersion: 104.0.5112.81, chrome: {chromedriverVersion: 104.0.5112.79 (3cf3e8c8a07d..., userDataDir: C:\Users\SIDDHA~1.IN\AppDat...}, goog:chromeOptions: {debuggerAddress: localhost:50804}, javascriptEnabled: true, networkConnectionEnabled: false, pageLoadStrategy: normal, platform: WINDOWS, platformName: WINDOWS, proxy: Proxy(), se:cdp: ws://localhost:50804/devtoo..., se:cdpVersion: 104.0.5112.81, setWindowRect: true, strictFileInteractability: false, timeouts: {implicit: 0, pageLoad: 300000, script: 30000}, unhandledPromptBehavior: accept, webauthn:extension:credBlob: true, webauthn:extension:largeBlob: true, webauthn:virtualAuthenticators: true}&#10;Element: [[ChromeDriver: chrome on WINDOWS (0baae504f7db8f1022bb8f224c514d81)] -&gt; xpath: //span[text()=' Sign Type ']]&#10;Session ID: 0baae504f7db8f1022bb8f224c514d81&#13;&#10;&#9;at java.base/jdk.internal.reflect.NativeConstructorAccessorImpl.newInstance0(Native Method)&#13;&#10;&#9;at java.base/jdk.internal.reflect.NativeConstructorAccessorImpl.newInstance(NativeConstructorAccessorImpl.java:77)&#13;&#10;&#9;at java.base/jdk.internal.reflect.DelegatingConstructorAccessorImpl.newInstance(DelegatingConstructorAccessorImpl.java:45)&#13;&#10;&#9;at java.base/java.lang.reflect.Constructor.newInstanceWithCaller(Constructor.java:499)&#13;&#10;&#9;at java.base/java.lang.reflect.Constructor.newInstance(Constructor.java:480)&#13;&#10;&#9;at org.openqa.selenium.remote.codec.w3c.W3CHttpResponseCodec.createException(W3CHttpResponseCodec.java:200)&#13;&#10;&#9;at org.openqa.selenium.remote.codec.w3c.W3CHttpResponseCodec.decode(W3CHttpResponseCodec.java:133)&#13;&#10;&#9;at org.openqa.selenium.remote.codec.w3c.W3CHttpResponseCodec.decode(W3CHttpResponseCodec.java:53)&#13;&#10;&#9;at org.openqa.selenium.remote.HttpCommandExecutor.execute(HttpCommandExecutor.java:184)&#13;&#10;&#9;at org.openqa.selenium.remote.service.DriverCommandExecutor.invokeExecute(DriverCommandExecutor.java:167)&#13;&#10;&#9;at org.openqa.selenium.remote.service.DriverCommandExecutor.execute(DriverCommandExecutor.java:142)&#13;&#10;&#9;at org.openqa.selenium.remote.RemoteWebDriver.execute(RemoteWebDriver.java:543)&#13;&#10;&#9;at org.openqa.selenium.remote.RemoteWebElement.execute(RemoteWebElement.java:251)&#13;&#10;&#9;at org.openqa.selenium.remote.RemoteWebElement.clear(RemoteWebElement.java:126)&#13;&#10;&#9;at java.base/jdk.internal.reflect.NativeMethodAccessorImpl.invoke0(Native Method)&#13;&#10;&#9;at java.base/jdk.internal.reflect.NativeMethodAccessorImpl.invoke(NativeMethodAccessorImpl.java:77)&#13;&#10;&#9;at java.base/jdk.internal.reflect.DelegatingMethodAccessorImpl.invoke(DelegatingMethodAccessorImpl.java:43)&#13;&#10;&#9;at java.base/java.lang.reflect.Method.invoke(Method.java:568)&#13;&#10;&#9;at org.openqa.selenium.support.pagefactory.internal.LocatingElementHandler.invoke(LocatingElementHandler.java:52)&#13;&#10;&#9;at jdk.proxy2/jdk.proxy2.$Proxy25.clear(Unknown Source)&#13;&#10;&#9;at framework.Elements.TypeText(Elements.java:30)&#13;&#10;&#9;at stepDefinitions.MyFiles.user_enter_sign_type_as(MyFiles.java:43)&#13;&#10;&#9;at ✽.user enter sign type as  &quot;Group&quot;(file:src/test/resources/Feature/MyFiles.feature:156)&#13;&#10;"><![CDATA[Given navigate to URL "https://drysign-qa.exela.global/#/"..................passed
When enter the user name as "sid39@mailinator.com"..........................passed
When enter the password as"Malin@555".......................................passed
And user click on the sign in button........................................passed
And user click on continue with free version................................passed
And user click on My Files..................................................passed
And user click on completed documents tab...................................passed
And user enter subject in subject column filter as "sign"...................passed
And user enter sign type as  "Group"........................................failed
And user enter completed date as "08/09/2022"...............................skipped
And user should get display the correct searched data for every column......skipped

StackTrace:
org.openqa.selenium.InvalidElementStateException: invalid element state
  (Session info: chrome=104.0.5112.81)
Build info: version: '4.1.1', revision: 'e8fcc2cecf'
System info: host: 'INMH-PN-DT4253', ip: '192.168.1.9', os.name: 'Windows 10', os.arch: 'amd64', os.version: '10.0', java.version: '17.0.2'
Driver info: org.openqa.selenium.chrome.ChromeDriver
Command: [0baae504f7db8f1022bb8f224c514d81, clearElement {id=21924aec-6df9-4d54-a586-07cf650d6edb}]
Capabilities {acceptInsecureCerts: true, browserName: chrome, browserVersion: 104.0.5112.81, chrome: {chromedriverVersion: 104.0.5112.79 (3cf3e8c8a07d..., userDataDir: C:\Users\SIDDHA~1.IN\AppDat...}, goog:chromeOptions: {debuggerAddress: localhost:50804}, javascriptEnabled: true, networkConnectionEnabled: false, pageLoadStrategy: normal, platform: WINDOWS, platformName: WINDOWS, proxy: Proxy(), se:cdp: ws://localhost:50804/devtoo..., se:cdpVersion: 104.0.5112.81, setWindowRect: true, strictFileInteractability: false, timeouts: {implicit: 0, pageLoad: 300000, script: 30000}, unhandledPromptBehavior: accept, webauthn:extension:credBlob: true, webauthn:extension:largeBlob: true, webauthn:virtualAuthenticators: true}
Element: [[ChromeDriver: chrome on WINDOWS (0baae504f7db8f1022bb8f224c514d81)] -> xpath: //span[text()=' Sign Type ']]
Session ID: 0baae504f7db8f1022bb8f224c514d81
	at java.base/jdk.internal.reflect.NativeConstructorAccessorImpl.newInstance0(Native Method)
	at java.base/jdk.internal.reflect.NativeConstructorAccessorImpl.newInstance(NativeConstructorAccessorImpl.java:77)
	at java.base/jdk.internal.reflect.DelegatingConstructorAccessorImpl.newInstance(DelegatingConstructorAccessorImpl.java:45)
	at java.base/java.lang.reflect.Constructor.newInstanceWithCaller(Constructor.java:499)
	at java.base/java.lang.reflect.Constructor.newInstance(Constructor.java:480)
	at org.openqa.selenium.remote.codec.w3c.W3CHttpResponseCodec.createException(W3CHttpResponseCodec.java:200)
	at org.openqa.selenium.remote.codec.w3c.W3CHttpResponseCodec.decode(W3CHttpResponseCodec.java:133)
	at org.openqa.selenium.remote.codec.w3c.W3CHttpResponseCodec.decode(W3CHttpResponseCodec.java:53)
	at org.openqa.selenium.remote.HttpCommandExecutor.execute(HttpCommandExecutor.java:184)
	at org.openqa.selenium.remote.service.DriverCommandExecutor.invokeExecute(DriverCommandExecutor.java:167)
	at org.openqa.selenium.remote.service.DriverCommandExecutor.execute(DriverCommandExecutor.java:142)
	at org.openqa.selenium.remote.RemoteWebDriver.execute(RemoteWebDriver.java:543)
	at org.openqa.selenium.remote.RemoteWebElement.execute(RemoteWebElement.java:251)
	at org.openqa.selenium.remote.RemoteWebElement.clear(RemoteWebElement.java:126)
	at java.base/jdk.internal.reflect.NativeMethodAccessorImpl.invoke0(Native Method)
	at java.base/jdk.internal.reflect.NativeMethodAccessorImpl.invoke(NativeMethodAccessorImpl.java:77)
	at java.base/jdk.internal.reflect.DelegatingMethodAccessorImpl.invoke(DelegatingMethodAccessorImpl.java:43)
	at java.base/java.lang.reflect.Method.invoke(Method.java:568)
	at org.openqa.selenium.support.pagefactory.internal.LocatingElementHandler.invoke(LocatingElementHandler.java:52)
	at jdk.proxy2/jdk.proxy2.$Proxy25.clear(Unknown Source)
	at framework.Elements.TypeText(Elements.java:30)
	at stepDefinitions.MyFiles.user_enter_sign_type_as(MyFiles.java:43)
	at ✽.user enter sign type as  "Group"(file:src/test/resources/Feature/MyFiles.feature:156)
]]></failure>
    </testcase>
</testsuite>
